ARM GAS  /tmp/ccP9OG1D.s 			page 1


   1              		.cpu cortex-m3
   2              		.eabi_attribute 20, 1
   3              		.eabi_attribute 21, 1
   4              		.eabi_attribute 23, 3
   5              		.eabi_attribute 24, 1
   6              		.eabi_attribute 25, 1
   7              		.eabi_attribute 26, 1
   8              		.eabi_attribute 30, 1
   9              		.eabi_attribute 34, 1
  10              		.eabi_attribute 18, 4
  11              		.file	"CANbus.cpp"
  12              		.text
  13              	.Ltext0:
  14              		.cfi_sections	.debug_frame
  15              		.section	.text._ZL23my_HAL_CAN_GetRxMessageP19__CAN_HandleTypeDefmP19CAN_RxHeaderTypeDefPh,"ax",%p
  16              		.align	1
  17              		.arch armv7-m
  18              		.syntax unified
  19              		.thumb
  20              		.thumb_func
  21              		.fpu softvfp
  23              	_ZL23my_HAL_CAN_GetRxMessageP19__CAN_HandleTypeDefmP19CAN_RxHeaderTypeDefPh:
  24              		.fnstart
  25              	.LVL0:
  26              	.LFB447:
  27              		.file 1 "User/CANbus.cpp"
   1:User/CANbus.cpp **** /*
   2:User/CANbus.cpp ****  * myCanbus.c
   3:User/CANbus.cpp ****  *
   4:User/CANbus.cpp ****  *  Created on: 2020年1月7日
   5:User/CANbus.cpp ****  *      Author: Xiaojiao Chen
   6:User/CANbus.cpp ****  *       Email: yii402072495@gmail.com
   7:User/CANbus.cpp ****  */
   8:User/CANbus.cpp **** 
   9:User/CANbus.cpp **** #include <CANbus.h>
  10:User/CANbus.cpp **** struct CANBUS_HANDLE canbus;
  11:User/CANbus.cpp **** #include "messages.h"
  12:User/CANbus.cpp **** #include "can.h"
  13:User/CANbus.cpp **** #include <inttypes.h>
  14:User/CANbus.cpp **** #include "ros.h"
  15:User/CANbus.cpp **** #include "HydroUnderwaterManipulator.h"
  16:User/CANbus.cpp **** static HAL_StatusTypeDef my_HAL_CAN_GetRxMessage(CAN_HandleTypeDef *hcan, uint32_t RxFifo, CAN_RxHe
  17:User/CANbus.cpp **** /***************************     Can bus        ***************************/
  18:User/CANbus.cpp **** /***************************                     ***************************/
  19:User/CANbus.cpp **** /**************************************************************************/
  20:User/CANbus.cpp **** /**************************************************************************/
  21:User/CANbus.cpp **** /**************************************************************************/
  22:User/CANbus.cpp **** /**************************************************************************/
  23:User/CANbus.cpp **** /**************************************************************************/
  24:User/CANbus.cpp **** 
  25:User/CANbus.cpp **** static SENSORDATACOMPACT botNodeDataBuffer[4];
  26:User/CANbus.cpp **** static SENSORDATA botNodeData[4];
  27:User/CANbus.cpp **** 
  28:User/CANbus.cpp **** extern HydroUnderwaterManipulator uwManipulator;
  29:User/CANbus.cpp **** 
  30:User/CANbus.cpp **** 
  31:User/CANbus.cpp **** void canConfig(){
ARM GAS  /tmp/ccP9OG1D.s 			page 2


  32:User/CANbus.cpp **** 	canbus.CanHandle=hcan;
  33:User/CANbus.cpp **** 	CAN_FilterTypeDef  sFilterConfig;
  34:User/CANbus.cpp **** 	/*##-2- Configure the CAN Filter ###########################################*/
  35:User/CANbus.cpp **** 	/*For single CAN instance(14 dedicated filter banks)*/
  36:User/CANbus.cpp **** 	for(int i=0;i<14;i++){
  37:User/CANbus.cpp **** 		sFilterConfig.FilterBank = i;
  38:User/CANbus.cpp **** 		sFilterConfig.FilterMode = CAN_FILTERMODE_IDLIST;
  39:User/CANbus.cpp **** 		sFilterConfig.FilterScale = CAN_FILTERSCALE_16BIT;
  40:User/CANbus.cpp **** 		sFilterConfig.FilterIdHigh = (uint16_t)((uint16_t)(4*i))<<5;
  41:User/CANbus.cpp **** 		sFilterConfig.FilterIdLow = (uint16_t)((uint16_t)(4*i+1))<<5;
  42:User/CANbus.cpp **** 		sFilterConfig.FilterMaskIdHigh = (uint16_t)((uint16_t)(4*i+2))<<5;
  43:User/CANbus.cpp **** 		sFilterConfig.FilterMaskIdLow = (uint16_t)((uint16_t)(4*i+3))<<5;
  44:User/CANbus.cpp **** 		sFilterConfig.FilterFIFOAssignment = i%2;//CAN_RX_FIFO0=0; CAN_RX_FIFO1=1
  45:User/CANbus.cpp **** 		sFilterConfig.FilterActivation = ENABLE;
  46:User/CANbus.cpp **** 		sFilterConfig.SlaveStartFilterBank = 14;
  47:User/CANbus.cpp **** 
  48:User/CANbus.cpp **** //		sFilterConfig.FilterBank = 0;
  49:User/CANbus.cpp **** //		sFilterConfig.FilterMode = CAN_FILTERMODE_IDMASK;
  50:User/CANbus.cpp **** //		sFilterConfig.FilterScale = CAN_FILTERSCALE_32BIT;
  51:User/CANbus.cpp **** //		sFilterConfig.FilterIdHigh = 0x0000;
  52:User/CANbus.cpp **** //		sFilterConfig.FilterIdLow = 0x0000;
  53:User/CANbus.cpp **** //		sFilterConfig.FilterMaskIdHigh = 0x0000;
  54:User/CANbus.cpp **** //		sFilterConfig.FilterMaskIdLow = 0x0000;
  55:User/CANbus.cpp **** //		sFilterConfig.FilterFIFOAssignment = CAN_RX_FIFO0;
  56:User/CANbus.cpp **** //		sFilterConfig.FilterActivation = ENABLE;
  57:User/CANbus.cpp **** //		sFilterConfig.SlaveStartFilterBank = 14;
  58:User/CANbus.cpp **** 
  59:User/CANbus.cpp **** 		if (HAL_CAN_ConfigFilter(&canbus.CanHandle, &sFilterConfig) != HAL_OK)
  60:User/CANbus.cpp **** 		{
  61:User/CANbus.cpp **** 			/* Filter configuration Error */
  62:User/CANbus.cpp **** 			Error_Handler();
  63:User/CANbus.cpp **** 		}
  64:User/CANbus.cpp **** 	}
  65:User/CANbus.cpp **** 
  66:User/CANbus.cpp **** 
  67:User/CANbus.cpp **** 	/*##-3- Start the CAN peripheral ###########################################*/
  68:User/CANbus.cpp **** 	if (HAL_CAN_Start(&canbus.CanHandle) != HAL_OK)
  69:User/CANbus.cpp **** 	{
  70:User/CANbus.cpp **** 		/* Start Error */
  71:User/CANbus.cpp **** 		Error_Handler();
  72:User/CANbus.cpp **** 	}
  73:User/CANbus.cpp **** 
  74:User/CANbus.cpp **** 	/*##-4- Activate CAN RX notification #######################################*/
  75:User/CANbus.cpp **** 	if (HAL_CAN_ActivateNotification(&canbus.CanHandle, CAN_IT_RX_FIFO0_MSG_PENDING|CAN_IT_RX_FIFO1_MS
  76:User/CANbus.cpp **** 	{
  77:User/CANbus.cpp **** 		/* Notification Error */
  78:User/CANbus.cpp **** 		Error_Handler();
  79:User/CANbus.cpp **** 	}
  80:User/CANbus.cpp **** 
  81:User/CANbus.cpp **** 
  82:User/CANbus.cpp **** }
  83:User/CANbus.cpp **** /*No need to use this right now, left for sending commands to nodes in the future*/
  84:User/CANbus.cpp **** void canSend()
  85:User/CANbus.cpp **** {
  86:User/CANbus.cpp **** 	/*##-Configure Transmission Packet #####################################*/
  87:User/CANbus.cpp **** 	canbus.TxHeader.StdId = 0x400;
  88:User/CANbus.cpp **** 	canbus.TxHeader.ExtId = 0x01;
ARM GAS  /tmp/ccP9OG1D.s 			page 3


  89:User/CANbus.cpp **** 	canbus.TxHeader.RTR = CAN_RTR_DATA;
  90:User/CANbus.cpp **** 	canbus.TxHeader.IDE = CAN_ID_STD;
  91:User/CANbus.cpp **** 	canbus.TxHeader.TransmitGlobalTime = DISABLE;
  92:User/CANbus.cpp **** 
  93:User/CANbus.cpp **** //	canbus.TxData=(uint8_t *)(&sensorData);
  94:User/CANbus.cpp **** //	canbus.TxHeader.DLC = sizeof(sensorData);
  95:User/CANbus.cpp **** 
  96:User/CANbus.cpp **** 	/* Start the Transmission process */
  97:User/CANbus.cpp **** 	if (HAL_CAN_AddTxMessage(&canbus.CanHandle, &canbus.TxHeader, canbus.TxData, &canbus.TxMailbox) !=
  98:User/CANbus.cpp **** 	{
  99:User/CANbus.cpp **** 	  /* Transmission request Error */
 100:User/CANbus.cpp **** 	  Error_Handler();
 101:User/CANbus.cpp **** 	}
 102:User/CANbus.cpp **** 
 103:User/CANbus.cpp **** 	//printf("Send Can Tx %d\r\n",canbus.TxHeader.StdId);
 104:User/CANbus.cpp **** }
 105:User/CANbus.cpp **** 
 106:User/CANbus.cpp **** 
 107:User/CANbus.cpp **** 
 108:User/CANbus.cpp **** /*Automatically called when can bus RxFiFo get message. Move the received message to corresponding 
 109:User/CANbus.cpp **** void HAL_CAN_RxFifo0MsgPendingCallback(CAN_HandleTypeDef *hcan)
 110:User/CANbus.cpp **** {
 111:User/CANbus.cpp ****   /* Get RX message */
 112:User/CANbus.cpp **** 
 113:User/CANbus.cpp ****   if (my_HAL_CAN_GetRxMessage(&canbus.CanHandle, CAN_RX_FIFO0, &canbus.RxHeader, canbus.RxData) != 
 114:User/CANbus.cpp ****   {
 115:User/CANbus.cpp ****     /* Reception Error */
 116:User/CANbus.cpp ****     Error_Handler();
 117:User/CANbus.cpp ****   }
 118:User/CANbus.cpp ****   //printf("Get Can Rx %d\r\n",canbus.RxHeader.StdId);
 119:User/CANbus.cpp ****   //printf("ID[%d]: %x %x %x %x %x %x %x %x\r\n", canbus.RxHeader.StdId, canbus.RxData[0], canbus.R
 120:User/CANbus.cpp ****   //printf("FIFO0: ID[%d]\r\n", canbus.RxHeader.StdId, canbus.RxData);
 121:User/CANbus.cpp **** }
 122:User/CANbus.cpp **** 
 123:User/CANbus.cpp **** /*Automatically called when can bus RxFiFo get message. Move the received message to corresponding 
 124:User/CANbus.cpp **** void HAL_CAN_RxFifo1MsgPendingCallback(CAN_HandleTypeDef *hcan)
 125:User/CANbus.cpp **** {
 126:User/CANbus.cpp ****   /* Get RX message */
 127:User/CANbus.cpp **** 
 128:User/CANbus.cpp **** 
 129:User/CANbus.cpp ****   if (my_HAL_CAN_GetRxMessage(&canbus.CanHandle, CAN_RX_FIFO1, &canbus.RxHeader, canbus.RxData) != 
 130:User/CANbus.cpp ****   {
 131:User/CANbus.cpp ****     /* Reception Error */
 132:User/CANbus.cpp ****     Error_Handler();
 133:User/CANbus.cpp ****   }
 134:User/CANbus.cpp ****   //printf("FIFO1: ID[%d]\r\n", canbus.RxHeader.StdId);
 135:User/CANbus.cpp **** 
 136:User/CANbus.cpp ****   //printf("Get Can Rx %d\r\n",canbus.RxHeader.StdId);
 137:User/CANbus.cpp **** }
 138:User/CANbus.cpp **** 
 139:User/CANbus.cpp **** static HAL_StatusTypeDef my_HAL_CAN_GetRxMessage(CAN_HandleTypeDef *hcan, uint32_t RxFifo, CAN_RxHe
 140:User/CANbus.cpp **** {
  28              		.loc 1 140 1 view -0
  29              		.cfi_startproc
  30              		@ args = 0, pretend = 0, frame = 0
  31              		@ frame_needed = 0, uses_anonymous_args = 0
  32              		.loc 1 140 1 is_stmt 0 view .LVU1
ARM GAS  /tmp/ccP9OG1D.s 			page 4


  33 0000 2DE9F041 		push	{r4, r5, r6, r7, r8, lr}
  34              		.save {r4, r5, r6, r7, r8, lr}
  35              	.LCFI0:
  36              		.cfi_def_cfa_offset 24
  37              		.cfi_offset 4, -24
  38              		.cfi_offset 5, -20
  39              		.cfi_offset 6, -16
  40              		.cfi_offset 7, -12
  41              		.cfi_offset 8, -8
  42              		.cfi_offset 14, -4
  43 0004 0446     		mov	r4, r0
 141:User/CANbus.cpp ****   HAL_CAN_StateTypeDef state = hcan->State;
  44              		.loc 1 141 3 is_stmt 1 view .LVU2
  45              		.loc 1 141 38 is_stmt 0 view .LVU3
  46 0006 90F82030 		ldrb	r3, [r0, #32]	@ zero_extendqisi2
  47              	.LVL1:
 142:User/CANbus.cpp **** 
 143:User/CANbus.cpp ****   assert_param(IS_CAN_RX_FIFO(RxFifo));
  48              		.loc 1 143 3 is_stmt 1 view .LVU4
 144:User/CANbus.cpp **** 
 145:User/CANbus.cpp ****   if ((state == HAL_CAN_STATE_READY) ||
  49              		.loc 1 145 3 view .LVU5
  50              	.LBB2:
  51              		.loc 1 145 38 is_stmt 0 view .LVU6
  52 000a 013B     		subs	r3, r3, #1
  53              	.LVL2:
  54              		.loc 1 145 38 view .LVU7
  55 000c DBB2     		uxtb	r3, r3
  56              		.loc 1 145 3 view .LVU8
  57 000e 012B     		cmp	r3, #1
  58 0010 00F2B580 		bhi	.L2
  59 0014 0D46     		mov	r5, r1
  60              	.LBB3:
 146:User/CANbus.cpp ****       (state == HAL_CAN_STATE_LISTENING))
 147:User/CANbus.cpp ****   {
 148:User/CANbus.cpp ****     /* Check the Rx FIFO */
 149:User/CANbus.cpp ****     if (RxFifo == CAN_RX_FIFO0) /* Rx element is assigned to Rx FIFO 0 */
  61              		.loc 1 149 5 is_stmt 1 view .LVU9
  62 0016 51B9     		cbnz	r1, .L3
 150:User/CANbus.cpp ****     {
 151:User/CANbus.cpp ****       /* Check that the Rx FIFO 0 is not empty */
 152:User/CANbus.cpp ****       if ((hcan->Instance->RF0R & CAN_RF0R_FMP0) == 0U)
  63              		.loc 1 152 7 view .LVU10
  64              		.loc 1 152 18 is_stmt 0 view .LVU11
  65 0018 0368     		ldr	r3, [r0]
  66              		.loc 1 152 28 view .LVU12
  67 001a DB68     		ldr	r3, [r3, #12]
  68              		.loc 1 152 7 view .LVU13
  69 001c 13F0030F 		tst	r3, #3
  70 0020 10D1     		bne	.L4
 153:User/CANbus.cpp ****       {
 154:User/CANbus.cpp ****         /* Update error code */
 155:User/CANbus.cpp ****         hcan->ErrorCode |= HAL_CAN_ERROR_PARAM;
  71              		.loc 1 155 9 is_stmt 1 view .LVU14
  72              		.loc 1 155 25 is_stmt 0 view .LVU15
  73 0022 436A     		ldr	r3, [r0, #36]
  74 0024 43F40013 		orr	r3, r3, #2097152
ARM GAS  /tmp/ccP9OG1D.s 			page 5


  75 0028 4362     		str	r3, [r0, #36]
 156:User/CANbus.cpp **** 
 157:User/CANbus.cpp ****         return HAL_ERROR;
  76              		.loc 1 157 9 is_stmt 1 view .LVU16
  77              		.loc 1 157 16 is_stmt 0 view .LVU17
  78 002a 0120     		movs	r0, #1
  79              	.LVL3:
  80              		.loc 1 157 16 view .LVU18
  81 002c ACE0     		b	.L5
  82              	.LVL4:
  83              	.L3:
 158:User/CANbus.cpp ****       }
 159:User/CANbus.cpp ****     }
 160:User/CANbus.cpp ****     else /* Rx element is assigned to Rx FIFO 1 */
 161:User/CANbus.cpp ****     {
 162:User/CANbus.cpp ****       /* Check that the Rx FIFO 1 is not empty */
 163:User/CANbus.cpp ****       if ((hcan->Instance->RF1R & CAN_RF1R_FMP1) == 0U)
  84              		.loc 1 163 7 is_stmt 1 view .LVU19
  85              		.loc 1 163 18 is_stmt 0 view .LVU20
  86 002e 0368     		ldr	r3, [r0]
  87              		.loc 1 163 28 view .LVU21
  88 0030 1B69     		ldr	r3, [r3, #16]
  89              		.loc 1 163 7 view .LVU22
  90 0032 13F0030F 		tst	r3, #3
  91 0036 05D1     		bne	.L4
 164:User/CANbus.cpp ****       {
 165:User/CANbus.cpp ****         /* Update error code */
 166:User/CANbus.cpp ****         hcan->ErrorCode |= HAL_CAN_ERROR_PARAM;
  92              		.loc 1 166 9 is_stmt 1 view .LVU23
  93              		.loc 1 166 25 is_stmt 0 view .LVU24
  94 0038 436A     		ldr	r3, [r0, #36]
  95 003a 43F40013 		orr	r3, r3, #2097152
  96 003e 4362     		str	r3, [r0, #36]
 167:User/CANbus.cpp **** 
 168:User/CANbus.cpp ****         return HAL_ERROR;
  97              		.loc 1 168 9 is_stmt 1 view .LVU25
  98              		.loc 1 168 16 is_stmt 0 view .LVU26
  99 0040 0120     		movs	r0, #1
 100              	.LVL5:
 101              		.loc 1 168 16 view .LVU27
 102 0042 A1E0     		b	.L5
 103              	.LVL6:
 104              	.L4:
 169:User/CANbus.cpp ****       }
 170:User/CANbus.cpp ****     }
 171:User/CANbus.cpp **** 
 172:User/CANbus.cpp ****     /* Get the header */
 173:User/CANbus.cpp ****     pHeader->IDE = CAN_RI0R_IDE & hcan->Instance->sFIFOMailBox[RxFifo].RIR;
 105              		.loc 1 173 5 is_stmt 1 view .LVU28
 106              		.loc 1 173 41 is_stmt 0 view .LVU29
 107 0044 2168     		ldr	r1, [r4]
 108              	.LVL7:
 109              		.loc 1 173 72 view .LVU30
 110 0046 05F11B03 		add	r3, r5, #27
 111 004a 1B01     		lsls	r3, r3, #4
 112 004c CB58     		ldr	r3, [r1, r3]
 113              		.loc 1 173 33 view .LVU31
ARM GAS  /tmp/ccP9OG1D.s 			page 6


 114 004e 03F00403 		and	r3, r3, #4
 115              		.loc 1 173 18 view .LVU32
 116 0052 9360     		str	r3, [r2, #8]
 174:User/CANbus.cpp ****     if (pHeader->IDE == CAN_ID_STD)
 117              		.loc 1 174 5 is_stmt 1 view .LVU33
 118 0054 002B     		cmp	r3, #0
 119 0056 40F08480 		bne	.L6
 175:User/CANbus.cpp ****     {
 176:User/CANbus.cpp ****       pHeader->StdId = (CAN_RI0R_STID & hcan->Instance->sFIFOMailBox[RxFifo].RIR) >> CAN_TI0R_STID_
 120              		.loc 1 176 7 view .LVU34
 121              		.loc 1 176 47 is_stmt 0 view .LVU35
 122 005a 2168     		ldr	r1, [r4]
 123              		.loc 1 176 78 view .LVU36
 124 005c 05F11B03 		add	r3, r5, #27
 125 0060 1B01     		lsls	r3, r3, #4
 126 0062 CB58     		ldr	r3, [r1, r3]
 127              		.loc 1 176 83 view .LVU37
 128 0064 5B0D     		lsrs	r3, r3, #21
 129              		.loc 1 176 22 view .LVU38
 130 0066 1360     		str	r3, [r2]
 131              	.L7:
 177:User/CANbus.cpp ****     }
 178:User/CANbus.cpp ****     else
 179:User/CANbus.cpp ****     {
 180:User/CANbus.cpp ****       pHeader->ExtId = ((CAN_RI0R_EXID | CAN_RI0R_STID) & hcan->Instance->sFIFOMailBox[RxFifo].RIR)
 181:User/CANbus.cpp ****     }
 182:User/CANbus.cpp ****     pHeader->RTR = (CAN_RI0R_RTR & hcan->Instance->sFIFOMailBox[RxFifo].RIR);
 132              		.loc 1 182 5 is_stmt 1 view .LVU39
 133              		.loc 1 182 42 is_stmt 0 view .LVU40
 134 0068 2168     		ldr	r1, [r4]
 135              		.loc 1 182 73 view .LVU41
 136 006a 05F11B03 		add	r3, r5, #27
 137 006e 1B01     		lsls	r3, r3, #4
 138 0070 C958     		ldr	r1, [r1, r3]
 139              		.loc 1 182 34 view .LVU42
 140 0072 01F00201 		and	r1, r1, #2
 141              		.loc 1 182 18 view .LVU43
 142 0076 D160     		str	r1, [r2, #12]
 183:User/CANbus.cpp ****     pHeader->DLC = (CAN_RDT0R_DLC & hcan->Instance->sFIFOMailBox[RxFifo].RDTR) >> CAN_RDT0R_DLC_Pos
 143              		.loc 1 183 5 is_stmt 1 view .LVU44
 144              		.loc 1 183 43 is_stmt 0 view .LVU45
 145 0078 2168     		ldr	r1, [r4]
 146              		.loc 1 183 74 view .LVU46
 147 007a 1944     		add	r1, r1, r3
 148 007c 4968     		ldr	r1, [r1, #4]
 149              		.loc 1 183 35 view .LVU47
 150 007e 01F00F01 		and	r1, r1, #15
 151              		.loc 1 183 18 view .LVU48
 152 0082 1161     		str	r1, [r2, #16]
 184:User/CANbus.cpp ****     pHeader->FilterMatchIndex = (CAN_RDT0R_FMI & hcan->Instance->sFIFOMailBox[RxFifo].RDTR) >> CAN_
 153              		.loc 1 184 5 is_stmt 1 view .LVU49
 154              		.loc 1 184 56 is_stmt 0 view .LVU50
 155 0084 2168     		ldr	r1, [r4]
 156              		.loc 1 184 87 view .LVU51
 157 0086 1944     		add	r1, r1, r3
 158 0088 4968     		ldr	r1, [r1, #4]
 159              		.loc 1 184 93 view .LVU52
ARM GAS  /tmp/ccP9OG1D.s 			page 7


 160 008a C1F30721 		ubfx	r1, r1, #8, #8
 161              		.loc 1 184 31 view .LVU53
 162 008e 9161     		str	r1, [r2, #24]
 185:User/CANbus.cpp ****     pHeader->Timestamp = (CAN_RDT0R_TIME & hcan->Instance->sFIFOMailBox[RxFifo].RDTR) >> CAN_RDT0R_
 163              		.loc 1 185 5 is_stmt 1 view .LVU54
 164              		.loc 1 185 50 is_stmt 0 view .LVU55
 165 0090 2168     		ldr	r1, [r4]
 166              		.loc 1 185 81 view .LVU56
 167 0092 0B44     		add	r3, r3, r1
 168 0094 5B68     		ldr	r3, [r3, #4]
 169              		.loc 1 185 87 view .LVU57
 170 0096 1B0C     		lsrs	r3, r3, #16
 171              		.loc 1 185 24 view .LVU58
 172 0098 5361     		str	r3, [r2, #20]
 186:User/CANbus.cpp **** 
 187:User/CANbus.cpp **** 
 188:User/CANbus.cpp **** 
 189:User/CANbus.cpp ****     /**********************  added  ******************************************/
 190:User/CANbus.cpp **** 	//int i = pHeader->StdId/4;
 191:User/CANbus.cpp ****     int j = pHeader->StdId%4;
 173              		.loc 1 191 5 is_stmt 1 view .LVU59
 174              		.loc 1 191 22 is_stmt 0 view .LVU60
 175 009a 1668     		ldr	r6, [r2]
 176              		.loc 1 191 9 view .LVU61
 177 009c 06F00306 		and	r6, r6, #3
 178              	.LVL8:
 192:User/CANbus.cpp **** 
 193:User/CANbus.cpp ****     aData=(uint8_t *)(botNodeDataBuffer);
 179              		.loc 1 193 5 is_stmt 1 view .LVU62
 194:User/CANbus.cpp ****     /****************************************************************/
 195:User/CANbus.cpp **** 
 196:User/CANbus.cpp ****     /* Get the data */
 197:User/CANbus.cpp ****     aData[0] = (uint8_t)((CAN_RDL0R_DATA0 & hcan->Instance->sFIFOMailBox[RxFifo].RDLR) >> CAN_RDL0R
 180              		.loc 1 197 5 view .LVU63
 181              		.loc 1 197 51 is_stmt 0 view .LVU64
 182 00a0 2368     		ldr	r3, [r4]
 183              		.loc 1 197 82 view .LVU65
 184 00a2 03EB0513 		add	r3, r3, r5, lsl #4
 185 00a6 D3F8B831 		ldr	r3, [r3, #440]
 186              		.loc 1 197 14 view .LVU66
 187 00aa 3848     		ldr	r0, .L11
 188              	.LVL9:
 189              		.loc 1 197 14 view .LVU67
 190 00ac 0370     		strb	r3, [r0]
 198:User/CANbus.cpp ****     aData[1] = (uint8_t)((CAN_RDL0R_DATA1 & hcan->Instance->sFIFOMailBox[RxFifo].RDLR) >> CAN_RDL0R
 191              		.loc 1 198 5 is_stmt 1 view .LVU68
 192              		.loc 1 198 51 is_stmt 0 view .LVU69
 193 00ae 2368     		ldr	r3, [r4]
 194              		.loc 1 198 82 view .LVU70
 195 00b0 03EB0513 		add	r3, r3, r5, lsl #4
 196 00b4 D3F8B831 		ldr	r3, [r3, #440]
 197              		.loc 1 198 88 view .LVU71
 198 00b8 1B0A     		lsrs	r3, r3, #8
 199              		.loc 1 198 14 view .LVU72
 200 00ba 4370     		strb	r3, [r0, #1]
 199:User/CANbus.cpp ****     aData[2] = (uint8_t)((CAN_RDL0R_DATA2 & hcan->Instance->sFIFOMailBox[RxFifo].RDLR) >> CAN_RDL0R
 201              		.loc 1 199 5 is_stmt 1 view .LVU73
ARM GAS  /tmp/ccP9OG1D.s 			page 8


 202              		.loc 1 199 51 is_stmt 0 view .LVU74
 203 00bc 2368     		ldr	r3, [r4]
 204              		.loc 1 199 82 view .LVU75
 205 00be 03EB0513 		add	r3, r3, r5, lsl #4
 206 00c2 D3F8B831 		ldr	r3, [r3, #440]
 207              		.loc 1 199 88 view .LVU76
 208 00c6 1B0C     		lsrs	r3, r3, #16
 209              		.loc 1 199 14 view .LVU77
 210 00c8 8370     		strb	r3, [r0, #2]
 200:User/CANbus.cpp ****     aData[3] = (uint8_t)((CAN_RDL0R_DATA3 & hcan->Instance->sFIFOMailBox[RxFifo].RDLR) >> CAN_RDL0R
 211              		.loc 1 200 5 is_stmt 1 view .LVU78
 212              		.loc 1 200 51 is_stmt 0 view .LVU79
 213 00ca 2368     		ldr	r3, [r4]
 214              		.loc 1 200 82 view .LVU80
 215 00cc 03EB0513 		add	r3, r3, r5, lsl #4
 216 00d0 D3F8B831 		ldr	r3, [r3, #440]
 217              		.loc 1 200 88 view .LVU81
 218 00d4 1B0E     		lsrs	r3, r3, #24
 219              		.loc 1 200 14 view .LVU82
 220 00d6 C370     		strb	r3, [r0, #3]
 201:User/CANbus.cpp ****     aData[4] = (uint8_t)((CAN_RDH0R_DATA4 & hcan->Instance->sFIFOMailBox[RxFifo].RDHR) >> CAN_RDH0R
 221              		.loc 1 201 5 is_stmt 1 view .LVU83
 222              		.loc 1 201 51 is_stmt 0 view .LVU84
 223 00d8 2368     		ldr	r3, [r4]
 224              		.loc 1 201 82 view .LVU85
 225 00da 03EB0513 		add	r3, r3, r5, lsl #4
 226 00de D3F8BC31 		ldr	r3, [r3, #444]
 227              		.loc 1 201 14 view .LVU86
 228 00e2 0371     		strb	r3, [r0, #4]
 202:User/CANbus.cpp ****     aData[5] = (uint8_t)((CAN_RDH0R_DATA5 & hcan->Instance->sFIFOMailBox[RxFifo].RDHR) >> CAN_RDH0R
 229              		.loc 1 202 5 is_stmt 1 view .LVU87
 230              		.loc 1 202 51 is_stmt 0 view .LVU88
 231 00e4 2368     		ldr	r3, [r4]
 232              		.loc 1 202 82 view .LVU89
 233 00e6 03EB0513 		add	r3, r3, r5, lsl #4
 234 00ea D3F8BC31 		ldr	r3, [r3, #444]
 235              		.loc 1 202 88 view .LVU90
 236 00ee 1B0A     		lsrs	r3, r3, #8
 237              		.loc 1 202 14 view .LVU91
 238 00f0 4371     		strb	r3, [r0, #5]
 203:User/CANbus.cpp ****     aData[6] = (uint8_t)((CAN_RDH0R_DATA6 & hcan->Instance->sFIFOMailBox[RxFifo].RDHR) >> CAN_RDH0R
 239              		.loc 1 203 5 is_stmt 1 view .LVU92
 240              		.loc 1 203 51 is_stmt 0 view .LVU93
 241 00f2 2368     		ldr	r3, [r4]
 242              		.loc 1 203 82 view .LVU94
 243 00f4 03EB0513 		add	r3, r3, r5, lsl #4
 244 00f8 D3F8BC31 		ldr	r3, [r3, #444]
 245              		.loc 1 203 88 view .LVU95
 246 00fc 1B0C     		lsrs	r3, r3, #16
 247              		.loc 1 203 14 view .LVU96
 248 00fe 8371     		strb	r3, [r0, #6]
 204:User/CANbus.cpp ****     aData[7] = (uint8_t)((CAN_RDH0R_DATA7 & hcan->Instance->sFIFOMailBox[RxFifo].RDHR) >> CAN_RDH0R
 249              		.loc 1 204 5 is_stmt 1 view .LVU97
 250              		.loc 1 204 51 is_stmt 0 view .LVU98
 251 0100 2368     		ldr	r3, [r4]
 252              		.loc 1 204 82 view .LVU99
 253 0102 03EB0513 		add	r3, r3, r5, lsl #4
ARM GAS  /tmp/ccP9OG1D.s 			page 9


 254 0106 D3F8BC31 		ldr	r3, [r3, #444]
 255              		.loc 1 204 88 view .LVU100
 256 010a 1B0E     		lsrs	r3, r3, #24
 257              		.loc 1 204 14 view .LVU101
 258 010c C371     		strb	r3, [r0, #7]
 205:User/CANbus.cpp **** 
 206:User/CANbus.cpp **** 
 207:User/CANbus.cpp ****     /**********************  Added Docode the compact sensor Data to complete sensor data**********
 208:User/CANbus.cpp **** 
 209:User/CANbus.cpp ****     decodeSensorData(&(botNodeDataBuffer[j]),&(botNodeData[j]));
 259              		.loc 1 209 5 is_stmt 1 view .LVU102
 260              		.loc 1 209 21 is_stmt 0 view .LVU103
 261 010e 06EB4603 		add	r3, r6, r6, lsl #1
 262 0112 1F4F     		ldr	r7, .L11+4
 263 0114 07EB8307 		add	r7, r7, r3, lsl #2
 264 0118 4FEAC608 		lsl	r8, r6, #3
 265 011c 3946     		mov	r1, r7
 266 011e 00EBC600 		add	r0, r0, r6, lsl #3
 267 0122 FFF7FEFF 		bl	decodeSensorData
 268              	.LVL10:
 210:User/CANbus.cpp ****     /*******************************************************************/
 211:User/CANbus.cpp **** 
 212:User/CANbus.cpp ****     /********************** update the content of rosserial.pubdata*******************************/
 213:User/CANbus.cpp ****     uwManipulator.manipulatorStatus.quaternionsBuf[j][0] = botNodeData[j].quaternion.imuData[0];
 269              		.loc 1 213 5 is_stmt 1 view .LVU104
 270              		.loc 1 213 95 is_stmt 0 view .LVU105
 271 0126 B7F90410 		ldrsh	r1, [r7, #4]
 272              		.loc 1 213 58 view .LVU106
 273 012a 1A4A     		ldr	r2, .L11+8
 274 012c 06F17603 		add	r3, r6, #118
 275 0130 02EBC303 		add	r3, r2, r3, lsl #3
 276 0134 9980     		strh	r1, [r3, #4]	@ movhi
 214:User/CANbus.cpp ****     uwManipulator.manipulatorStatus.quaternionsBuf[j][1]= botNodeData[j].quaternion.imuData[1];
 277              		.loc 1 214 5 is_stmt 1 view .LVU107
 278              		.loc 1 214 94 is_stmt 0 view .LVU108
 279 0136 B7F90610 		ldrsh	r1, [r7, #6]
 280              		.loc 1 214 57 view .LVU109
 281 013a 02EB0803 		add	r3, r2, r8
 282 013e A3F8B613 		strh	r1, [r3, #950]	@ movhi
 215:User/CANbus.cpp ****     uwManipulator.manipulatorStatus.quaternionsBuf[j][2]= botNodeData[j].quaternion.imuData[2];
 283              		.loc 1 215 5 is_stmt 1 view .LVU110
 284              		.loc 1 215 94 is_stmt 0 view .LVU111
 285 0142 B7F90820 		ldrsh	r2, [r7, #8]
 286              		.loc 1 215 57 view .LVU112
 287 0146 A3F8B823 		strh	r2, [r3, #952]	@ movhi
 216:User/CANbus.cpp ****     uwManipulator.manipulatorStatus.quaternionsBuf[j][3]= botNodeData[j].quaternion.imuData[3];
 288              		.loc 1 216 5 is_stmt 1 view .LVU113
 289              		.loc 1 216 94 is_stmt 0 view .LVU114
 290 014a B7F90A20 		ldrsh	r2, [r7, #10]
 291              		.loc 1 216 57 view .LVU115
 292 014e A3F8BA23 		strh	r2, [r3, #954]	@ movhi
 217:User/CANbus.cpp **** 
 218:User/CANbus.cpp **** 
 219:User/CANbus.cpp **** 
 220:User/CANbus.cpp ****     /* Release the FIFO */
 221:User/CANbus.cpp ****     if (RxFifo == CAN_RX_FIFO0) /* Rx element is assigned to Rx FIFO 0 */
 293              		.loc 1 221 5 is_stmt 1 view .LVU116
ARM GAS  /tmp/ccP9OG1D.s 			page 10


 294 0152 75B9     		cbnz	r5, .L8
 222:User/CANbus.cpp ****     {
 223:User/CANbus.cpp ****       /* Release RX FIFO 0 */
 224:User/CANbus.cpp ****       SET_BIT(hcan->Instance->RF0R, CAN_RF0R_RFOM0);
 295              		.loc 1 224 7 view .LVU117
 296 0154 2268     		ldr	r2, [r4]
 297 0156 D368     		ldr	r3, [r2, #12]
 298 0158 43F02003 		orr	r3, r3, #32
 299 015c D360     		str	r3, [r2, #12]
 300              	.L9:
 225:User/CANbus.cpp ****     }
 226:User/CANbus.cpp ****     else /* Rx element is assigned to Rx FIFO 1 */
 227:User/CANbus.cpp ****     {
 228:User/CANbus.cpp ****       /* Release RX FIFO 1 */
 229:User/CANbus.cpp ****       SET_BIT(hcan->Instance->RF1R, CAN_RF1R_RFOM1);
 230:User/CANbus.cpp ****     }
 231:User/CANbus.cpp **** 
 232:User/CANbus.cpp ****     /* Return function status */
 233:User/CANbus.cpp ****     //printf("sensor[%d]: %hu\r\n", pHeader->StdId, softArm.sensorData[i][j].pressure);
 234:User/CANbus.cpp **** 
 235:User/CANbus.cpp ****     return HAL_OK;
 301              		.loc 1 235 5 view .LVU118
 302              		.loc 1 235 12 is_stmt 0 view .LVU119
 303 015e 0020     		movs	r0, #0
 304 0160 12E0     		b	.L5
 305              	.LVL11:
 306              	.L6:
 180:User/CANbus.cpp ****     }
 307              		.loc 1 180 7 is_stmt 1 view .LVU120
 180:User/CANbus.cpp ****     }
 308              		.loc 1 180 65 is_stmt 0 view .LVU121
 309 0162 2168     		ldr	r1, [r4]
 180:User/CANbus.cpp ****     }
 310              		.loc 1 180 96 view .LVU122
 311 0164 05F11B03 		add	r3, r5, #27
 312 0168 1B01     		lsls	r3, r3, #4
 313 016a CB58     		ldr	r3, [r1, r3]
 180:User/CANbus.cpp ****     }
 314              		.loc 1 180 101 view .LVU123
 315 016c DB08     		lsrs	r3, r3, #3
 180:User/CANbus.cpp ****     }
 316              		.loc 1 180 22 view .LVU124
 317 016e 5360     		str	r3, [r2, #4]
 318 0170 7AE7     		b	.L7
 319              	.LVL12:
 320              	.L8:
 229:User/CANbus.cpp ****     }
 321              		.loc 1 229 7 is_stmt 1 view .LVU125
 322 0172 2268     		ldr	r2, [r4]
 323 0174 1369     		ldr	r3, [r2, #16]
 324 0176 43F02003 		orr	r3, r3, #32
 325 017a 1361     		str	r3, [r2, #16]
 326 017c EFE7     		b	.L9
 327              	.LVL13:
 328              	.L2:
 229:User/CANbus.cpp ****     }
 329              		.loc 1 229 7 is_stmt 0 view .LVU126
ARM GAS  /tmp/ccP9OG1D.s 			page 11


 330              	.LBE3:
 236:User/CANbus.cpp ****   }
 237:User/CANbus.cpp ****   else
 238:User/CANbus.cpp ****   {
 239:User/CANbus.cpp ****     /* Update error code */
 240:User/CANbus.cpp ****     hcan->ErrorCode |= HAL_CAN_ERROR_NOT_INITIALIZED;
 331              		.loc 1 240 5 is_stmt 1 view .LVU127
 332              		.loc 1 240 21 is_stmt 0 view .LVU128
 333 017e 436A     		ldr	r3, [r0, #36]
 334 0180 43F48023 		orr	r3, r3, #262144
 335 0184 4362     		str	r3, [r0, #36]
 241:User/CANbus.cpp **** 
 242:User/CANbus.cpp ****     return HAL_ERROR;
 336              		.loc 1 242 5 is_stmt 1 view .LVU129
 337              		.loc 1 242 12 is_stmt 0 view .LVU130
 338 0186 0120     		movs	r0, #1
 339              	.LVL14:
 340              	.L5:
 341              		.loc 1 242 12 view .LVU131
 342              	.LBE2:
 243:User/CANbus.cpp ****   }
 244:User/CANbus.cpp **** }
 343              		.loc 1 244 1 view .LVU132
 344 0188 BDE8F081 		pop	{r4, r5, r6, r7, r8, pc}
 345              	.LVL15:
 346              	.L12:
 347              		.loc 1 244 1 view .LVU133
 348              		.align	2
 349              	.L11:
 350 018c 00000000 		.word	.LANCHOR0
 351 0190 00000000 		.word	.LANCHOR1
 352 0194 00000000 		.word	uwManipulator
 353              		.cfi_endproc
 354              	.LFE447:
 355              		.fnend
 357              		.section	.text.canConfig,"ax",%progbits
 358              		.align	1
 359              		.global	canConfig
 360              		.syntax unified
 361              		.thumb
 362              		.thumb_func
 363              		.fpu softvfp
 365              	canConfig:
 366              		.fnstart
 367              	.LFB443:
  31:User/CANbus.cpp **** 	canbus.CanHandle=hcan;
 368              		.loc 1 31 17 is_stmt 1 view -0
 369              		.cfi_startproc
 370              		@ args = 0, pretend = 0, frame = 40
 371              		@ frame_needed = 0, uses_anonymous_args = 0
 372 0000 30B5     		push	{r4, r5, lr}
 373              		.save {r4, r5, lr}
 374              	.LCFI1:
 375              		.cfi_def_cfa_offset 12
 376              		.cfi_offset 4, -12
 377              		.cfi_offset 5, -8
 378              		.cfi_offset 14, -4
ARM GAS  /tmp/ccP9OG1D.s 			page 12


 379              		.pad #44
 380 0002 8BB0     		sub	sp, sp, #44
 381              	.LCFI2:
 382              		.cfi_def_cfa_offset 56
  32:User/CANbus.cpp **** 	CAN_FilterTypeDef  sFilterConfig;
 383              		.loc 1 32 2 view .LVU135
  32:User/CANbus.cpp **** 	CAN_FilterTypeDef  sFilterConfig;
 384              		.loc 1 32 18 is_stmt 0 view .LVU136
 385 0004 234C     		ldr	r4, .L22
 386 0006 244D     		ldr	r5, .L22+4
 387 0008 0FCD     		ldmia	r5!, {r0, r1, r2, r3}
 388 000a 0FC4     		stmia	r4!, {r0, r1, r2, r3}
 389 000c 0FCD     		ldmia	r5!, {r0, r1, r2, r3}
 390 000e 0FC4     		stmia	r4!, {r0, r1, r2, r3}
 391 0010 95E80300 		ldm	r5, {r0, r1}
 392 0014 84E80300 		stm	r4, {r0, r1}
  33:User/CANbus.cpp **** 	/*##-2- Configure the CAN Filter ###########################################*/
 393              		.loc 1 33 2 is_stmt 1 view .LVU137
  36:User/CANbus.cpp **** 		sFilterConfig.FilterBank = i;
 394              		.loc 1 36 2 view .LVU138
 395              	.LVL16:
 396              	.LBB4:
  36:User/CANbus.cpp **** 		sFilterConfig.FilterBank = i;
 397              		.loc 1 36 10 is_stmt 0 view .LVU139
 398 0018 0024     		movs	r4, #0
 399 001a 00E0     		b	.L16
 400              	.LVL17:
 401              	.L15:
  36:User/CANbus.cpp **** 		sFilterConfig.FilterBank = i;
 402              		.loc 1 36 2 is_stmt 1 discriminator 2 view .LVU140
 403 001c 0134     		adds	r4, r4, #1
 404              	.LVL18:
 405              	.L16:
  36:User/CANbus.cpp **** 		sFilterConfig.FilterBank = i;
 406              		.loc 1 36 15 discriminator 1 view .LVU141
 407 001e 0D2C     		cmp	r4, #13
 408 0020 26DC     		bgt	.L14
  37:User/CANbus.cpp **** 		sFilterConfig.FilterMode = CAN_FILTERMODE_IDLIST;
 409              		.loc 1 37 3 view .LVU142
  37:User/CANbus.cpp **** 		sFilterConfig.FilterMode = CAN_FILTERMODE_IDLIST;
 410              		.loc 1 37 28 is_stmt 0 view .LVU143
 411 0022 0594     		str	r4, [sp, #20]
  38:User/CANbus.cpp **** 		sFilterConfig.FilterScale = CAN_FILTERSCALE_16BIT;
 412              		.loc 1 38 3 is_stmt 1 view .LVU144
  38:User/CANbus.cpp **** 		sFilterConfig.FilterScale = CAN_FILTERSCALE_16BIT;
 413              		.loc 1 38 28 is_stmt 0 view .LVU145
 414 0024 0121     		movs	r1, #1
 415 0026 0691     		str	r1, [sp, #24]
  39:User/CANbus.cpp **** 		sFilterConfig.FilterIdHigh = (uint16_t)((uint16_t)(4*i))<<5;
 416              		.loc 1 39 3 is_stmt 1 view .LVU146
  39:User/CANbus.cpp **** 		sFilterConfig.FilterIdHigh = (uint16_t)((uint16_t)(4*i))<<5;
 417              		.loc 1 39 29 is_stmt 0 view .LVU147
 418 0028 0023     		movs	r3, #0
 419 002a 0793     		str	r3, [sp, #28]
  40:User/CANbus.cpp **** 		sFilterConfig.FilterIdLow = (uint16_t)((uint16_t)(4*i+1))<<5;
 420              		.loc 1 40 3 is_stmt 1 view .LVU148
  40:User/CANbus.cpp **** 		sFilterConfig.FilterIdLow = (uint16_t)((uint16_t)(4*i+1))<<5;
ARM GAS  /tmp/ccP9OG1D.s 			page 13


 421              		.loc 1 40 32 is_stmt 0 view .LVU149
 422 002c A300     		lsls	r3, r4, #2
 423 002e 9BB2     		uxth	r3, r3
  40:User/CANbus.cpp **** 		sFilterConfig.FilterIdLow = (uint16_t)((uint16_t)(4*i+1))<<5;
 424              		.loc 1 40 59 view .LVU150
 425 0030 5A01     		lsls	r2, r3, #5
  40:User/CANbus.cpp **** 		sFilterConfig.FilterIdLow = (uint16_t)((uint16_t)(4*i+1))<<5;
 426              		.loc 1 40 30 view .LVU151
 427 0032 0092     		str	r2, [sp]
  41:User/CANbus.cpp **** 		sFilterConfig.FilterMaskIdHigh = (uint16_t)((uint16_t)(4*i+2))<<5;
 428              		.loc 1 41 3 is_stmt 1 view .LVU152
  41:User/CANbus.cpp **** 		sFilterConfig.FilterMaskIdHigh = (uint16_t)((uint16_t)(4*i+2))<<5;
 429              		.loc 1 41 56 is_stmt 0 view .LVU153
 430 0034 5A18     		adds	r2, r3, r1
 431 0036 92B2     		uxth	r2, r2
  41:User/CANbus.cpp **** 		sFilterConfig.FilterMaskIdHigh = (uint16_t)((uint16_t)(4*i+2))<<5;
 432              		.loc 1 41 60 view .LVU154
 433 0038 5201     		lsls	r2, r2, #5
  41:User/CANbus.cpp **** 		sFilterConfig.FilterMaskIdHigh = (uint16_t)((uint16_t)(4*i+2))<<5;
 434              		.loc 1 41 29 view .LVU155
 435 003a 0192     		str	r2, [sp, #4]
  42:User/CANbus.cpp **** 		sFilterConfig.FilterMaskIdLow = (uint16_t)((uint16_t)(4*i+3))<<5;
 436              		.loc 1 42 3 is_stmt 1 view .LVU156
  42:User/CANbus.cpp **** 		sFilterConfig.FilterMaskIdLow = (uint16_t)((uint16_t)(4*i+3))<<5;
 437              		.loc 1 42 61 is_stmt 0 view .LVU157
 438 003c 9A1C     		adds	r2, r3, #2
 439 003e 92B2     		uxth	r2, r2
  42:User/CANbus.cpp **** 		sFilterConfig.FilterMaskIdLow = (uint16_t)((uint16_t)(4*i+3))<<5;
 440              		.loc 1 42 65 view .LVU158
 441 0040 5201     		lsls	r2, r2, #5
  42:User/CANbus.cpp **** 		sFilterConfig.FilterMaskIdLow = (uint16_t)((uint16_t)(4*i+3))<<5;
 442              		.loc 1 42 34 view .LVU159
 443 0042 0292     		str	r2, [sp, #8]
  43:User/CANbus.cpp **** 		sFilterConfig.FilterFIFOAssignment = i%2;//CAN_RX_FIFO0=0; CAN_RX_FIFO1=1
 444              		.loc 1 43 3 is_stmt 1 view .LVU160
  43:User/CANbus.cpp **** 		sFilterConfig.FilterFIFOAssignment = i%2;//CAN_RX_FIFO0=0; CAN_RX_FIFO1=1
 445              		.loc 1 43 60 is_stmt 0 view .LVU161
 446 0044 0333     		adds	r3, r3, #3
 447 0046 9BB2     		uxth	r3, r3
  43:User/CANbus.cpp **** 		sFilterConfig.FilterFIFOAssignment = i%2;//CAN_RX_FIFO0=0; CAN_RX_FIFO1=1
 448              		.loc 1 43 64 view .LVU162
 449 0048 5B01     		lsls	r3, r3, #5
  43:User/CANbus.cpp **** 		sFilterConfig.FilterFIFOAssignment = i%2;//CAN_RX_FIFO0=0; CAN_RX_FIFO1=1
 450              		.loc 1 43 33 view .LVU163
 451 004a 0393     		str	r3, [sp, #12]
  44:User/CANbus.cpp **** 		sFilterConfig.FilterActivation = ENABLE;
 452              		.loc 1 44 3 is_stmt 1 view .LVU164
  44:User/CANbus.cpp **** 		sFilterConfig.FilterActivation = ENABLE;
 453              		.loc 1 44 41 is_stmt 0 view .LVU165
 454 004c 002C     		cmp	r4, #0
 455 004e 04EA0103 		and	r3, r4, r1
 456 0052 B8BF     		it	lt
 457 0054 5B42     		rsblt	r3, r3, #0
  44:User/CANbus.cpp **** 		sFilterConfig.FilterActivation = ENABLE;
 458              		.loc 1 44 38 view .LVU166
 459 0056 0493     		str	r3, [sp, #16]
  45:User/CANbus.cpp **** 		sFilterConfig.SlaveStartFilterBank = 14;
ARM GAS  /tmp/ccP9OG1D.s 			page 14


 460              		.loc 1 45 3 is_stmt 1 view .LVU167
  45:User/CANbus.cpp **** 		sFilterConfig.SlaveStartFilterBank = 14;
 461              		.loc 1 45 34 is_stmt 0 view .LVU168
 462 0058 0891     		str	r1, [sp, #32]
  46:User/CANbus.cpp **** 
 463              		.loc 1 46 3 is_stmt 1 view .LVU169
  46:User/CANbus.cpp **** 
 464              		.loc 1 46 38 is_stmt 0 view .LVU170
 465 005a 0E23     		movs	r3, #14
 466 005c 0993     		str	r3, [sp, #36]
  59:User/CANbus.cpp **** 		{
 467              		.loc 1 59 3 is_stmt 1 view .LVU171
  59:User/CANbus.cpp **** 		{
 468              		.loc 1 59 27 is_stmt 0 view .LVU172
 469 005e 6946     		mov	r1, sp
 470 0060 0C48     		ldr	r0, .L22
 471 0062 FFF7FEFF 		bl	HAL_CAN_ConfigFilter
 472              	.LVL19:
  59:User/CANbus.cpp **** 		{
 473              		.loc 1 59 3 view .LVU173
 474 0066 0028     		cmp	r0, #0
 475 0068 D8D0     		beq	.L15
  62:User/CANbus.cpp **** 		}
 476              		.loc 1 62 4 is_stmt 1 view .LVU174
  62:User/CANbus.cpp **** 		}
 477              		.loc 1 62 17 is_stmt 0 view .LVU175
 478 006a FFF7FEFF 		bl	Error_Handler
 479              	.LVL20:
 480 006e D5E7     		b	.L15
 481              	.L14:
 482              	.LBE4:
  68:User/CANbus.cpp **** 	{
 483              		.loc 1 68 2 is_stmt 1 view .LVU176
  68:User/CANbus.cpp **** 	{
 484              		.loc 1 68 19 is_stmt 0 view .LVU177
 485 0070 0848     		ldr	r0, .L22
 486 0072 FFF7FEFF 		bl	HAL_CAN_Start
 487              	.LVL21:
  68:User/CANbus.cpp **** 	{
 488              		.loc 1 68 2 view .LVU178
 489 0076 30B9     		cbnz	r0, .L20
 490              	.L17:
  75:User/CANbus.cpp **** 	{
 491              		.loc 1 75 2 is_stmt 1 view .LVU179
  75:User/CANbus.cpp **** 	{
 492              		.loc 1 75 34 is_stmt 0 view .LVU180
 493 0078 1221     		movs	r1, #18
 494 007a 0648     		ldr	r0, .L22
 495 007c FFF7FEFF 		bl	HAL_CAN_ActivateNotification
 496              	.LVL22:
  75:User/CANbus.cpp **** 	{
 497              		.loc 1 75 2 view .LVU181
 498 0080 20B9     		cbnz	r0, .L21
 499              	.L13:
  82:User/CANbus.cpp **** /*No need to use this right now, left for sending commands to nodes in the future*/
 500              		.loc 1 82 1 view .LVU182
 501 0082 0BB0     		add	sp, sp, #44
ARM GAS  /tmp/ccP9OG1D.s 			page 15


 502              	.LCFI3:
 503              		.cfi_remember_state
 504              		.cfi_def_cfa_offset 12
 505              		@ sp needed
 506 0084 30BD     		pop	{r4, r5, pc}
 507              	.LVL23:
 508              	.L20:
 509              	.LCFI4:
 510              		.cfi_restore_state
  71:User/CANbus.cpp **** 	}
 511              		.loc 1 71 3 is_stmt 1 view .LVU183
  71:User/CANbus.cpp **** 	}
 512              		.loc 1 71 16 is_stmt 0 view .LVU184
 513 0086 FFF7FEFF 		bl	Error_Handler
 514              	.LVL24:
 515 008a F5E7     		b	.L17
 516              	.L21:
  78:User/CANbus.cpp **** 	}
 517              		.loc 1 78 3 is_stmt 1 view .LVU185
  78:User/CANbus.cpp **** 	}
 518              		.loc 1 78 16 is_stmt 0 view .LVU186
 519 008c FFF7FEFF 		bl	Error_Handler
 520              	.LVL25:
  82:User/CANbus.cpp **** /*No need to use this right now, left for sending commands to nodes in the future*/
 521              		.loc 1 82 1 view .LVU187
 522 0090 F7E7     		b	.L13
 523              	.L23:
 524 0092 00BF     		.align	2
 525              	.L22:
 526 0094 00000000 		.word	.LANCHOR2
 527 0098 00000000 		.word	hcan
 528              		.cfi_endproc
 529              	.LFE443:
 530              		.fnend
 532              		.section	.text.canSend,"ax",%progbits
 533              		.align	1
 534              		.global	canSend
 535              		.syntax unified
 536              		.thumb
 537              		.thumb_func
 538              		.fpu softvfp
 540              	canSend:
 541              		.fnstart
 542              	.LFB444:
  85:User/CANbus.cpp **** 	/*##-Configure Transmission Packet #####################################*/
 543              		.loc 1 85 1 is_stmt 1 view -0
 544              		.cfi_startproc
 545              		@ args = 0, pretend = 0, frame = 0
 546              		@ frame_needed = 0, uses_anonymous_args = 0
 547 0000 08B5     		push	{r3, lr}
 548              		.save {r3, lr}
 549              	.LCFI5:
 550              		.cfi_def_cfa_offset 8
 551              		.cfi_offset 3, -8
 552              		.cfi_offset 14, -4
  87:User/CANbus.cpp **** 	canbus.TxHeader.ExtId = 0x01;
 553              		.loc 1 87 2 view .LVU189
ARM GAS  /tmp/ccP9OG1D.s 			page 16


  87:User/CANbus.cpp **** 	canbus.TxHeader.ExtId = 0x01;
 554              		.loc 1 87 24 is_stmt 0 view .LVU190
 555 0002 0B48     		ldr	r0, .L28
 556 0004 4FF48063 		mov	r3, #1024
 557 0008 8362     		str	r3, [r0, #40]
  88:User/CANbus.cpp **** 	canbus.TxHeader.RTR = CAN_RTR_DATA;
 558              		.loc 1 88 2 is_stmt 1 view .LVU191
  88:User/CANbus.cpp **** 	canbus.TxHeader.RTR = CAN_RTR_DATA;
 559              		.loc 1 88 24 is_stmt 0 view .LVU192
 560 000a 0123     		movs	r3, #1
 561 000c C362     		str	r3, [r0, #44]
  89:User/CANbus.cpp **** 	canbus.TxHeader.IDE = CAN_ID_STD;
 562              		.loc 1 89 2 is_stmt 1 view .LVU193
  89:User/CANbus.cpp **** 	canbus.TxHeader.IDE = CAN_ID_STD;
 563              		.loc 1 89 22 is_stmt 0 view .LVU194
 564 000e 0023     		movs	r3, #0
 565 0010 4363     		str	r3, [r0, #52]
  90:User/CANbus.cpp **** 	canbus.TxHeader.TransmitGlobalTime = DISABLE;
 566              		.loc 1 90 2 is_stmt 1 view .LVU195
  90:User/CANbus.cpp **** 	canbus.TxHeader.TransmitGlobalTime = DISABLE;
 567              		.loc 1 90 22 is_stmt 0 view .LVU196
 568 0012 0363     		str	r3, [r0, #48]
  91:User/CANbus.cpp **** 
 569              		.loc 1 91 2 is_stmt 1 view .LVU197
  91:User/CANbus.cpp **** 
 570              		.loc 1 91 37 is_stmt 0 view .LVU198
 571 0014 80F83C30 		strb	r3, [r0, #60]
  97:User/CANbus.cpp **** 	{
 572              		.loc 1 97 2 is_stmt 1 view .LVU199
  97:User/CANbus.cpp **** 	{
 573              		.loc 1 97 26 is_stmt 0 view .LVU200
 574 0018 00F16403 		add	r3, r0, #100
 575 001c C26D     		ldr	r2, [r0, #92]
 576 001e 00F12801 		add	r1, r0, #40
 577 0022 FFF7FEFF 		bl	HAL_CAN_AddTxMessage
 578              	.LVL26:
  97:User/CANbus.cpp **** 	{
 579              		.loc 1 97 2 view .LVU201
 580 0026 00B9     		cbnz	r0, .L27
 581              	.L24:
 104:User/CANbus.cpp **** 
 582              		.loc 1 104 1 view .LVU202
 583 0028 08BD     		pop	{r3, pc}
 584              	.L27:
 100:User/CANbus.cpp **** 	}
 585              		.loc 1 100 4 is_stmt 1 view .LVU203
 100:User/CANbus.cpp **** 	}
 586              		.loc 1 100 17 is_stmt 0 view .LVU204
 587 002a FFF7FEFF 		bl	Error_Handler
 588              	.LVL27:
 104:User/CANbus.cpp **** 
 589              		.loc 1 104 1 view .LVU205
 590 002e FBE7     		b	.L24
 591              	.L29:
 592              		.align	2
 593              	.L28:
 594 0030 00000000 		.word	.LANCHOR2
ARM GAS  /tmp/ccP9OG1D.s 			page 17


 595              		.cfi_endproc
 596              	.LFE444:
 597              		.fnend
 599              		.section	.text.HAL_CAN_RxFifo0MsgPendingCallback,"ax",%progbits
 600              		.align	1
 601              		.global	HAL_CAN_RxFifo0MsgPendingCallback
 602              		.syntax unified
 603              		.thumb
 604              		.thumb_func
 605              		.fpu softvfp
 607              	HAL_CAN_RxFifo0MsgPendingCallback:
 608              		.fnstart
 609              	.LVL28:
 610              	.LFB445:
 110:User/CANbus.cpp ****   /* Get RX message */
 611              		.loc 1 110 1 is_stmt 1 view -0
 612              		.cfi_startproc
 613              		@ args = 0, pretend = 0, frame = 0
 614              		@ frame_needed = 0, uses_anonymous_args = 0
 110:User/CANbus.cpp ****   /* Get RX message */
 615              		.loc 1 110 1 is_stmt 0 view .LVU207
 616 0000 08B5     		push	{r3, lr}
 617              		.save {r3, lr}
 618              	.LCFI6:
 619              		.cfi_def_cfa_offset 8
 620              		.cfi_offset 3, -8
 621              		.cfi_offset 14, -4
 113:User/CANbus.cpp ****   {
 622              		.loc 1 113 3 is_stmt 1 view .LVU208
 113:User/CANbus.cpp ****   {
 623              		.loc 1 113 30 is_stmt 0 view .LVU209
 624 0002 0648     		ldr	r0, .L34
 625              	.LVL29:
 113:User/CANbus.cpp ****   {
 626              		.loc 1 113 30 view .LVU210
 627 0004 036E     		ldr	r3, [r0, #96]
 628 0006 00F14002 		add	r2, r0, #64
 629 000a 0021     		movs	r1, #0
 630 000c FFF7FEFF 		bl	_ZL23my_HAL_CAN_GetRxMessageP19__CAN_HandleTypeDefmP19CAN_RxHeaderTypeDefPh
 631              	.LVL30:
 113:User/CANbus.cpp ****   {
 632              		.loc 1 113 3 view .LVU211
 633 0010 00B9     		cbnz	r0, .L33
 634              	.L30:
 121:User/CANbus.cpp **** 
 635              		.loc 1 121 1 view .LVU212
 636 0012 08BD     		pop	{r3, pc}
 637              	.L33:
 116:User/CANbus.cpp ****   }
 638              		.loc 1 116 5 is_stmt 1 view .LVU213
 116:User/CANbus.cpp ****   }
 639              		.loc 1 116 18 is_stmt 0 view .LVU214
 640 0014 FFF7FEFF 		bl	Error_Handler
 641              	.LVL31:
 121:User/CANbus.cpp **** 
 642              		.loc 1 121 1 view .LVU215
 643 0018 FBE7     		b	.L30
ARM GAS  /tmp/ccP9OG1D.s 			page 18


 644              	.L35:
 645 001a 00BF     		.align	2
 646              	.L34:
 647 001c 00000000 		.word	.LANCHOR2
 648              		.cfi_endproc
 649              	.LFE445:
 650              		.fnend
 652              		.section	.text.HAL_CAN_RxFifo1MsgPendingCallback,"ax",%progbits
 653              		.align	1
 654              		.global	HAL_CAN_RxFifo1MsgPendingCallback
 655              		.syntax unified
 656              		.thumb
 657              		.thumb_func
 658              		.fpu softvfp
 660              	HAL_CAN_RxFifo1MsgPendingCallback:
 661              		.fnstart
 662              	.LVL32:
 663              	.LFB446:
 125:User/CANbus.cpp ****   /* Get RX message */
 664              		.loc 1 125 1 is_stmt 1 view -0
 665              		.cfi_startproc
 666              		@ args = 0, pretend = 0, frame = 0
 667              		@ frame_needed = 0, uses_anonymous_args = 0
 125:User/CANbus.cpp ****   /* Get RX message */
 668              		.loc 1 125 1 is_stmt 0 view .LVU217
 669 0000 08B5     		push	{r3, lr}
 670              		.save {r3, lr}
 671              	.LCFI7:
 672              		.cfi_def_cfa_offset 8
 673              		.cfi_offset 3, -8
 674              		.cfi_offset 14, -4
 129:User/CANbus.cpp ****   {
 675              		.loc 1 129 3 is_stmt 1 view .LVU218
 129:User/CANbus.cpp ****   {
 676              		.loc 1 129 30 is_stmt 0 view .LVU219
 677 0002 0648     		ldr	r0, .L40
 678              	.LVL33:
 129:User/CANbus.cpp ****   {
 679              		.loc 1 129 30 view .LVU220
 680 0004 036E     		ldr	r3, [r0, #96]
 681 0006 00F14002 		add	r2, r0, #64
 682 000a 0121     		movs	r1, #1
 683 000c FFF7FEFF 		bl	_ZL23my_HAL_CAN_GetRxMessageP19__CAN_HandleTypeDefmP19CAN_RxHeaderTypeDefPh
 684              	.LVL34:
 129:User/CANbus.cpp ****   {
 685              		.loc 1 129 3 view .LVU221
 686 0010 00B9     		cbnz	r0, .L39
 687              	.L36:
 137:User/CANbus.cpp **** 
 688              		.loc 1 137 1 view .LVU222
 689 0012 08BD     		pop	{r3, pc}
 690              	.L39:
 132:User/CANbus.cpp ****   }
 691              		.loc 1 132 5 is_stmt 1 view .LVU223
 132:User/CANbus.cpp ****   }
 692              		.loc 1 132 18 is_stmt 0 view .LVU224
 693 0014 FFF7FEFF 		bl	Error_Handler
ARM GAS  /tmp/ccP9OG1D.s 			page 19


 694              	.LVL35:
 137:User/CANbus.cpp **** 
 695              		.loc 1 137 1 view .LVU225
 696 0018 FBE7     		b	.L36
 697              	.L41:
 698 001a 00BF     		.align	2
 699              	.L40:
 700 001c 00000000 		.word	.LANCHOR2
 701              		.cfi_endproc
 702              	.LFE446:
 703              		.fnend
 705              		.global	canbus
 706              		.section	.bss._ZL11botNodeData,"aw",%nobits
 707              		.align	2
 708              		.set	.LANCHOR1,. + 0
 711              	_ZL11botNodeData:
 712 0000 00000000 		.space	48
 712      00000000 
 712      00000000 
 712      00000000 
 712      00000000 
 713              		.section	.bss._ZL17botNodeDataBuffer,"aw",%nobits
 714              		.align	2
 715              		.set	.LANCHOR0,. + 0
 718              	_ZL17botNodeDataBuffer:
 719 0000 00000000 		.space	32
 719      00000000 
 719      00000000 
 719      00000000 
 719      00000000 
 720              		.section	.bss.canbus,"aw",%nobits
 721              		.align	2
 722              		.set	.LANCHOR2,. + 0
 725              	canbus:
 726 0000 00000000 		.space	104
 726      00000000 
 726      00000000 
 726      00000000 
 726      00000000 
 727              		.text
 728              	.Letext0:
 729              		.file 2 "/home/softarm/.config/Code/User/globalStorage/bmd.stm32-for-vscode/@xpack-dev-tools/arm-n
 730              		.file 3 "/home/softarm/.config/Code/User/globalStorage/bmd.stm32-for-vscode/@xpack-dev-tools/arm-n
 731              		.file 4 "Drivers/CMSIS/Device/ST/STM32F1xx/Include/stm32f103xb.h"
 732              		.file 5 "Drivers/CMSIS/Device/ST/STM32F1xx/Include/stm32f1xx.h"
 733              		.file 6 "/home/softarm/.config/Code/User/globalStorage/bmd.stm32-for-vscode/@xpack-dev-tools/arm-n
 734              		.file 7 "Drivers/STM32F1xx_HAL_Driver/Inc/stm32f1xx_hal_def.h"
 735              		.file 8 "Drivers/STM32F1xx_HAL_Driver/Inc/stm32f1xx_hal_can.h"
 736              		.file 9 "Drivers/STM32F1xx_HAL_Driver/Inc/stm32f1xx_hal.h"
 737              		.file 10 "User/Inc/CANbus.h"
 738              		.file 11 "User/Inc/messages.h"
 739              		.file 12 "Core/Inc/can.h"
 740              		.file 13 "/home/softarm/.config/Code/User/globalStorage/bmd.stm32-for-vscode/@xpack-dev-tools/arm-
 741              		.file 14 "/home/softarm/.config/Code/User/globalStorage/bmd.stm32-for-vscode/@xpack-dev-tools/arm-
 742              		.file 15 "/home/softarm/.config/Code/User/globalStorage/bmd.stm32-for-vscode/@xpack-dev-tools/arm-
 743              		.file 16 "/home/softarm/.config/Code/User/globalStorage/bmd.stm32-for-vscode/@xpack-dev-tools/arm-
 744              		.file 17 "/home/softarm/.config/Code/User/globalStorage/bmd.stm32-for-vscode/@xpack-dev-tools/arm-
ARM GAS  /tmp/ccP9OG1D.s 			page 20


 745              		.file 18 "/home/softarm/.config/Code/User/globalStorage/bmd.stm32-for-vscode/@xpack-dev-tools/arm-
 746              		.file 19 "/home/softarm/.config/Code/User/globalStorage/bmd.stm32-for-vscode/@xpack-dev-tools/arm-
 747              		.file 20 "/home/softarm/.config/Code/User/globalStorage/bmd.stm32-for-vscode/@xpack-dev-tools/arm-
 748              		.file 21 "User/Inc/rosserialInc/ros/msg.h"
 749              		.file 22 "User/Inc/rosserialInc/ros/node_handle.h"
 750              		.file 23 "User/Inc/rosserialInc/rosserial_msgs/TopicInfo.h"
 751              		.file 24 "User/Inc/rosserialInc/rosserial_msgs/RequestParam.h"
 752              		.file 25 "User/Inc/PRESSURESENSOR.h"
 753              		.file 26 "User/Inc/SOLENOIDVALVE.h"
 754              		.file 27 "User/Inc/CHAMBER.h"
 755              		.file 28 "User/Inc/PUMP.h"
 756              		.file 29 "User/Inc/PRESSURESOURCE.h"
 757              		.file 30 "User/Inc/HydroUnderwaterManipulator.h"
 758              		.file 31 "User/Inc/rosserialInc/hydrosoft_ros/Command_Arm.h"
 759              		.file 32 "User/Inc/rosserialInc/hydrosoft_ros/Sensor_Arm.h"
 760              		.file 33 "Core/Inc/main.h"
 761              		.file 34 "<built-in>"
 762              		.file 35 "User/Inc/rosserialInc/std_msgs/Time.h"
ARM GAS  /tmp/ccP9OG1D.s 			page 21


DEFINED SYMBOLS
                            *ABS*:0000000000000000 CANbus.cpp
     /tmp/ccP9OG1D.s:16     .text._ZL23my_HAL_CAN_GetRxMessageP19__CAN_HandleTypeDefmP19CAN_RxHeaderTypeDefPh:0000000000000000 $t
     /tmp/ccP9OG1D.s:23     .text._ZL23my_HAL_CAN_GetRxMessageP19__CAN_HandleTypeDefmP19CAN_RxHeaderTypeDefPh:0000000000000000 _ZL23my_HAL_CAN_GetRxMessageP19__CAN_HandleTypeDefmP19CAN_RxHeaderTypeDefPh
     /tmp/ccP9OG1D.s:350    .text._ZL23my_HAL_CAN_GetRxMessageP19__CAN_HandleTypeDefmP19CAN_RxHeaderTypeDefPh:000000000000018c $d
.ARM.exidx.text._ZL23my_HAL_CAN_GetRxMessageP19__CAN_HandleTypeDefmP19CAN_RxHeaderTypeDefPh:0000000000000000 $d
     /tmp/ccP9OG1D.s:358    .text.canConfig:0000000000000000 $t
     /tmp/ccP9OG1D.s:365    .text.canConfig:0000000000000000 canConfig
     /tmp/ccP9OG1D.s:526    .text.canConfig:0000000000000094 $d
        .ARM.exidx.text.canConfig:0000000000000000 $d
     /tmp/ccP9OG1D.s:533    .text.canSend:0000000000000000 $t
     /tmp/ccP9OG1D.s:540    .text.canSend:0000000000000000 canSend
     /tmp/ccP9OG1D.s:594    .text.canSend:0000000000000030 $d
          .ARM.extab.text.canSend:0000000000000000 $d
          .ARM.exidx.text.canSend:0000000000000000 $d
     /tmp/ccP9OG1D.s:600    .text.HAL_CAN_RxFifo0MsgPendingCallback:0000000000000000 $t
     /tmp/ccP9OG1D.s:607    .text.HAL_CAN_RxFifo0MsgPendingCallback:0000000000000000 HAL_CAN_RxFifo0MsgPendingCallback
     /tmp/ccP9OG1D.s:647    .text.HAL_CAN_RxFifo0MsgPendingCallback:000000000000001c $d
.ARM.extab.text.HAL_CAN_RxFifo0MsgPendingCallback:0000000000000000 $d
.ARM.exidx.text.HAL_CAN_RxFifo0MsgPendingCallback:0000000000000000 $d
     /tmp/ccP9OG1D.s:653    .text.HAL_CAN_RxFifo1MsgPendingCallback:0000000000000000 $t
     /tmp/ccP9OG1D.s:660    .text.HAL_CAN_RxFifo1MsgPendingCallback:0000000000000000 HAL_CAN_RxFifo1MsgPendingCallback
     /tmp/ccP9OG1D.s:700    .text.HAL_CAN_RxFifo1MsgPendingCallback:000000000000001c $d
.ARM.extab.text.HAL_CAN_RxFifo1MsgPendingCallback:0000000000000000 $d
.ARM.exidx.text.HAL_CAN_RxFifo1MsgPendingCallback:0000000000000000 $d
     /tmp/ccP9OG1D.s:725    .bss.canbus:0000000000000000 canbus
     /tmp/ccP9OG1D.s:707    .bss._ZL11botNodeData:0000000000000000 $d
     /tmp/ccP9OG1D.s:711    .bss._ZL11botNodeData:0000000000000000 _ZL11botNodeData
     /tmp/ccP9OG1D.s:714    .bss._ZL17botNodeDataBuffer:0000000000000000 $d
     /tmp/ccP9OG1D.s:718    .bss._ZL17botNodeDataBuffer:0000000000000000 _ZL17botNodeDataBuffer
     /tmp/ccP9OG1D.s:721    .bss.canbus:0000000000000000 $d

UNDEFINED SYMBOLS
decodeSensorData
uwManipulator
__aeabi_unwind_cpp_pr0
HAL_CAN_ConfigFilter
Error_Handler
HAL_CAN_Start
HAL_CAN_ActivateNotification
hcan
HAL_CAN_AddTxMessage
__aeabi_unwind_cpp_pr1
