ARM GAS  /tmp/cce2x5fm.s 			page 1


   1              		.cpu cortex-m3
   2              		.eabi_attribute 20, 1
   3              		.eabi_attribute 21, 1
   4              		.eabi_attribute 23, 3
   5              		.eabi_attribute 24, 1
   6              		.eabi_attribute 25, 1
   7              		.eabi_attribute 26, 1
   8              		.eabi_attribute 30, 1
   9              		.eabi_attribute 34, 1
  10              		.eabi_attribute 18, 4
  11              		.file	"usart.c"
  12              		.text
  13              	.Ltext0:
  14              		.cfi_sections	.debug_frame
  15              		.section	.text.MX_USART1_UART_Init,"ax",%progbits
  16              		.align	1
  17              		.global	MX_USART1_UART_Init
  18              		.arch armv7-m
  19              		.syntax unified
  20              		.thumb
  21              		.thumb_func
  22              		.fpu softvfp
  24              	MX_USART1_UART_Init:
  25              	.LFB65:
  26              		.file 1 "Core/Src/usart.c"
   1:Core/Src/usart.c **** /**
   2:Core/Src/usart.c ****   ******************************************************************************
   3:Core/Src/usart.c ****   * @file    usart.c
   4:Core/Src/usart.c ****   * @brief   This file provides code for the configuration
   5:Core/Src/usart.c ****   *          of the USART instances.
   6:Core/Src/usart.c ****   ******************************************************************************
   7:Core/Src/usart.c ****   * @attention
   8:Core/Src/usart.c ****   *
   9:Core/Src/usart.c ****   * <h2><center>&copy; Copyright (c) 2021 STMicroelectronics.
  10:Core/Src/usart.c ****   * All rights reserved.</center></h2>
  11:Core/Src/usart.c ****   *
  12:Core/Src/usart.c ****   * This software component is licensed by ST under Ultimate Liberty license
  13:Core/Src/usart.c ****   * SLA0044, the "License"; You may not use this file except in compliance with
  14:Core/Src/usart.c ****   * the License. You may obtain a copy of the License at:
  15:Core/Src/usart.c ****   *                             www.st.com/SLA0044
  16:Core/Src/usart.c ****   *
  17:Core/Src/usart.c ****   ******************************************************************************
  18:Core/Src/usart.c ****   */
  19:Core/Src/usart.c **** 
  20:Core/Src/usart.c **** /* Includes ------------------------------------------------------------------*/
  21:Core/Src/usart.c **** #include "usart.h"
  22:Core/Src/usart.c **** 
  23:Core/Src/usart.c **** /* USER CODE BEGIN 0 */
  24:Core/Src/usart.c **** 
  25:Core/Src/usart.c **** /* USER CODE END 0 */
  26:Core/Src/usart.c **** 
  27:Core/Src/usart.c **** UART_HandleTypeDef huart1;
  28:Core/Src/usart.c **** DMA_HandleTypeDef hdma_usart1_rx;
  29:Core/Src/usart.c **** DMA_HandleTypeDef hdma_usart1_tx;
  30:Core/Src/usart.c **** 
  31:Core/Src/usart.c **** /* USART1 init function */
  32:Core/Src/usart.c **** 
ARM GAS  /tmp/cce2x5fm.s 			page 2


  33:Core/Src/usart.c **** void MX_USART1_UART_Init(void)
  34:Core/Src/usart.c **** {
  27              		.loc 1 34 1 view -0
  28              		.cfi_startproc
  29              		@ args = 0, pretend = 0, frame = 0
  30              		@ frame_needed = 0, uses_anonymous_args = 0
  31 0000 08B5     		push	{r3, lr}
  32              	.LCFI0:
  33              		.cfi_def_cfa_offset 8
  34              		.cfi_offset 3, -8
  35              		.cfi_offset 14, -4
  35:Core/Src/usart.c **** 
  36:Core/Src/usart.c ****   /* USER CODE BEGIN USART1_Init 0 */
  37:Core/Src/usart.c **** 
  38:Core/Src/usart.c ****   /* USER CODE END USART1_Init 0 */
  39:Core/Src/usart.c **** 
  40:Core/Src/usart.c ****   /* USER CODE BEGIN USART1_Init 1 */
  41:Core/Src/usart.c **** 
  42:Core/Src/usart.c ****   /* USER CODE END USART1_Init 1 */
  43:Core/Src/usart.c ****   huart1.Instance = USART1;
  36              		.loc 1 43 3 view .LVU1
  37              		.loc 1 43 19 is_stmt 0 view .LVU2
  38 0002 0A48     		ldr	r0, .L5
  39 0004 0A4B     		ldr	r3, .L5+4
  40 0006 0360     		str	r3, [r0]
  44:Core/Src/usart.c ****   huart1.Init.BaudRate = 115200;
  41              		.loc 1 44 3 is_stmt 1 view .LVU3
  42              		.loc 1 44 24 is_stmt 0 view .LVU4
  43 0008 4FF4E133 		mov	r3, #115200
  44 000c 4360     		str	r3, [r0, #4]
  45:Core/Src/usart.c ****   huart1.Init.WordLength = UART_WORDLENGTH_8B;
  45              		.loc 1 45 3 is_stmt 1 view .LVU5
  46              		.loc 1 45 26 is_stmt 0 view .LVU6
  47 000e 0023     		movs	r3, #0
  48 0010 8360     		str	r3, [r0, #8]
  46:Core/Src/usart.c ****   huart1.Init.StopBits = UART_STOPBITS_1;
  49              		.loc 1 46 3 is_stmt 1 view .LVU7
  50              		.loc 1 46 24 is_stmt 0 view .LVU8
  51 0012 C360     		str	r3, [r0, #12]
  47:Core/Src/usart.c ****   huart1.Init.Parity = UART_PARITY_NONE;
  52              		.loc 1 47 3 is_stmt 1 view .LVU9
  53              		.loc 1 47 22 is_stmt 0 view .LVU10
  54 0014 0361     		str	r3, [r0, #16]
  48:Core/Src/usart.c ****   huart1.Init.Mode = UART_MODE_TX_RX;
  55              		.loc 1 48 3 is_stmt 1 view .LVU11
  56              		.loc 1 48 20 is_stmt 0 view .LVU12
  57 0016 0C22     		movs	r2, #12
  58 0018 4261     		str	r2, [r0, #20]
  49:Core/Src/usart.c ****   huart1.Init.HwFlowCtl = UART_HWCONTROL_NONE;
  59              		.loc 1 49 3 is_stmt 1 view .LVU13
  60              		.loc 1 49 25 is_stmt 0 view .LVU14
  61 001a 8361     		str	r3, [r0, #24]
  50:Core/Src/usart.c ****   huart1.Init.OverSampling = UART_OVERSAMPLING_16;
  62              		.loc 1 50 3 is_stmt 1 view .LVU15
  63              		.loc 1 50 28 is_stmt 0 view .LVU16
  64 001c C361     		str	r3, [r0, #28]
  51:Core/Src/usart.c ****   if (HAL_UART_Init(&huart1) != HAL_OK)
ARM GAS  /tmp/cce2x5fm.s 			page 3


  65              		.loc 1 51 3 is_stmt 1 view .LVU17
  66              		.loc 1 51 7 is_stmt 0 view .LVU18
  67 001e FFF7FEFF 		bl	HAL_UART_Init
  68              	.LVL0:
  69              		.loc 1 51 6 view .LVU19
  70 0022 00B9     		cbnz	r0, .L4
  71              	.L1:
  52:Core/Src/usart.c ****   {
  53:Core/Src/usart.c ****     Error_Handler();
  54:Core/Src/usart.c ****   }
  55:Core/Src/usart.c ****   /* USER CODE BEGIN USART1_Init 2 */
  56:Core/Src/usart.c **** 
  57:Core/Src/usart.c ****   /* USER CODE END USART1_Init 2 */
  58:Core/Src/usart.c **** 
  59:Core/Src/usart.c **** }
  72              		.loc 1 59 1 view .LVU20
  73 0024 08BD     		pop	{r3, pc}
  74              	.L4:
  53:Core/Src/usart.c ****   }
  75              		.loc 1 53 5 is_stmt 1 view .LVU21
  76 0026 FFF7FEFF 		bl	Error_Handler
  77              	.LVL1:
  78              		.loc 1 59 1 is_stmt 0 view .LVU22
  79 002a FBE7     		b	.L1
  80              	.L6:
  81              		.align	2
  82              	.L5:
  83 002c 00000000 		.word	.LANCHOR0
  84 0030 00380140 		.word	1073821696
  85              		.cfi_endproc
  86              	.LFE65:
  88              		.section	.text.HAL_UART_MspInit,"ax",%progbits
  89              		.align	1
  90              		.global	HAL_UART_MspInit
  91              		.syntax unified
  92              		.thumb
  93              		.thumb_func
  94              		.fpu softvfp
  96              	HAL_UART_MspInit:
  97              	.LVL2:
  98              	.LFB66:
  60:Core/Src/usart.c **** 
  61:Core/Src/usart.c **** void HAL_UART_MspInit(UART_HandleTypeDef* uartHandle)
  62:Core/Src/usart.c **** {
  99              		.loc 1 62 1 is_stmt 1 view -0
 100              		.cfi_startproc
 101              		@ args = 0, pretend = 0, frame = 24
 102              		@ frame_needed = 0, uses_anonymous_args = 0
 103              		.loc 1 62 1 is_stmt 0 view .LVU24
 104 0000 70B5     		push	{r4, r5, r6, lr}
 105              	.LCFI1:
 106              		.cfi_def_cfa_offset 16
 107              		.cfi_offset 4, -16
 108              		.cfi_offset 5, -12
 109              		.cfi_offset 6, -8
 110              		.cfi_offset 14, -4
 111 0002 86B0     		sub	sp, sp, #24
ARM GAS  /tmp/cce2x5fm.s 			page 4


 112              	.LCFI2:
 113              		.cfi_def_cfa_offset 40
  63:Core/Src/usart.c **** 
  64:Core/Src/usart.c ****   GPIO_InitTypeDef GPIO_InitStruct = {0};
 114              		.loc 1 64 3 is_stmt 1 view .LVU25
 115              		.loc 1 64 20 is_stmt 0 view .LVU26
 116 0004 0023     		movs	r3, #0
 117 0006 0293     		str	r3, [sp, #8]
 118 0008 0393     		str	r3, [sp, #12]
 119 000a 0493     		str	r3, [sp, #16]
 120 000c 0593     		str	r3, [sp, #20]
  65:Core/Src/usart.c ****   if(uartHandle->Instance==USART1)
 121              		.loc 1 65 3 is_stmt 1 view .LVU27
 122              		.loc 1 65 16 is_stmt 0 view .LVU28
 123 000e 0268     		ldr	r2, [r0]
 124              		.loc 1 65 5 view .LVU29
 125 0010 334B     		ldr	r3, .L15
 126 0012 9A42     		cmp	r2, r3
 127 0014 01D0     		beq	.L12
 128              	.LVL3:
 129              	.L7:
  66:Core/Src/usart.c ****   {
  67:Core/Src/usart.c ****   /* USER CODE BEGIN USART1_MspInit 0 */
  68:Core/Src/usart.c **** 
  69:Core/Src/usart.c ****   /* USER CODE END USART1_MspInit 0 */
  70:Core/Src/usart.c ****     /* USART1 clock enable */
  71:Core/Src/usart.c ****     __HAL_RCC_USART1_CLK_ENABLE();
  72:Core/Src/usart.c **** 
  73:Core/Src/usart.c ****     __HAL_RCC_GPIOA_CLK_ENABLE();
  74:Core/Src/usart.c ****     /**USART1 GPIO Configuration
  75:Core/Src/usart.c ****     PA9     ------> USART1_TX
  76:Core/Src/usart.c ****     PA10     ------> USART1_RX
  77:Core/Src/usart.c ****     */
  78:Core/Src/usart.c ****     GPIO_InitStruct.Pin = GPIO_PIN_9;
  79:Core/Src/usart.c ****     GPIO_InitStruct.Mode = GPIO_MODE_AF_PP;
  80:Core/Src/usart.c ****     GPIO_InitStruct.Speed = GPIO_SPEED_FREQ_HIGH;
  81:Core/Src/usart.c ****     HAL_GPIO_Init(GPIOA, &GPIO_InitStruct);
  82:Core/Src/usart.c **** 
  83:Core/Src/usart.c ****     GPIO_InitStruct.Pin = GPIO_PIN_10;
  84:Core/Src/usart.c ****     GPIO_InitStruct.Mode = GPIO_MODE_INPUT;
  85:Core/Src/usart.c ****     GPIO_InitStruct.Pull = GPIO_NOPULL;
  86:Core/Src/usart.c ****     HAL_GPIO_Init(GPIOA, &GPIO_InitStruct);
  87:Core/Src/usart.c **** 
  88:Core/Src/usart.c ****     /* USART1 DMA Init */
  89:Core/Src/usart.c ****     /* USART1_RX Init */
  90:Core/Src/usart.c ****     hdma_usart1_rx.Instance = DMA1_Channel5;
  91:Core/Src/usart.c ****     hdma_usart1_rx.Init.Direction = DMA_PERIPH_TO_MEMORY;
  92:Core/Src/usart.c ****     hdma_usart1_rx.Init.PeriphInc = DMA_PINC_DISABLE;
  93:Core/Src/usart.c ****     hdma_usart1_rx.Init.MemInc = DMA_MINC_ENABLE;
  94:Core/Src/usart.c ****     hdma_usart1_rx.Init.PeriphDataAlignment = DMA_PDATAALIGN_BYTE;
  95:Core/Src/usart.c ****     hdma_usart1_rx.Init.MemDataAlignment = DMA_MDATAALIGN_BYTE;
  96:Core/Src/usart.c ****     hdma_usart1_rx.Init.Mode = DMA_NORMAL;
  97:Core/Src/usart.c ****     hdma_usart1_rx.Init.Priority = DMA_PRIORITY_MEDIUM;
  98:Core/Src/usart.c ****     if (HAL_DMA_Init(&hdma_usart1_rx) != HAL_OK)
  99:Core/Src/usart.c ****     {
 100:Core/Src/usart.c ****       Error_Handler();
 101:Core/Src/usart.c ****     }
ARM GAS  /tmp/cce2x5fm.s 			page 5


 102:Core/Src/usart.c **** 
 103:Core/Src/usart.c ****     __HAL_LINKDMA(uartHandle,hdmarx,hdma_usart1_rx);
 104:Core/Src/usart.c **** 
 105:Core/Src/usart.c ****     /* USART1_TX Init */
 106:Core/Src/usart.c ****     hdma_usart1_tx.Instance = DMA1_Channel4;
 107:Core/Src/usart.c ****     hdma_usart1_tx.Init.Direction = DMA_MEMORY_TO_PERIPH;
 108:Core/Src/usart.c ****     hdma_usart1_tx.Init.PeriphInc = DMA_PINC_DISABLE;
 109:Core/Src/usart.c ****     hdma_usart1_tx.Init.MemInc = DMA_MINC_ENABLE;
 110:Core/Src/usart.c ****     hdma_usart1_tx.Init.PeriphDataAlignment = DMA_PDATAALIGN_BYTE;
 111:Core/Src/usart.c ****     hdma_usart1_tx.Init.MemDataAlignment = DMA_MDATAALIGN_BYTE;
 112:Core/Src/usart.c ****     hdma_usart1_tx.Init.Mode = DMA_NORMAL;
 113:Core/Src/usart.c ****     hdma_usart1_tx.Init.Priority = DMA_PRIORITY_MEDIUM;
 114:Core/Src/usart.c ****     if (HAL_DMA_Init(&hdma_usart1_tx) != HAL_OK)
 115:Core/Src/usart.c ****     {
 116:Core/Src/usart.c ****       Error_Handler();
 117:Core/Src/usart.c ****     }
 118:Core/Src/usart.c **** 
 119:Core/Src/usart.c ****     __HAL_LINKDMA(uartHandle,hdmatx,hdma_usart1_tx);
 120:Core/Src/usart.c **** 
 121:Core/Src/usart.c ****     /* USART1 interrupt Init */
 122:Core/Src/usart.c ****     HAL_NVIC_SetPriority(USART1_IRQn, 5, 0);
 123:Core/Src/usart.c ****     HAL_NVIC_EnableIRQ(USART1_IRQn);
 124:Core/Src/usart.c ****   /* USER CODE BEGIN USART1_MspInit 1 */
 125:Core/Src/usart.c **** 
 126:Core/Src/usart.c ****   /* USER CODE END USART1_MspInit 1 */
 127:Core/Src/usart.c ****   }
 128:Core/Src/usart.c **** }
 130              		.loc 1 128 1 view .LVU30
 131 0016 06B0     		add	sp, sp, #24
 132              	.LCFI3:
 133              		.cfi_remember_state
 134              		.cfi_def_cfa_offset 16
 135              		@ sp needed
 136 0018 70BD     		pop	{r4, r5, r6, pc}
 137              	.LVL4:
 138              	.L12:
 139              	.LCFI4:
 140              		.cfi_restore_state
 141              		.loc 1 128 1 view .LVU31
 142 001a 0446     		mov	r4, r0
  71:Core/Src/usart.c **** 
 143              		.loc 1 71 5 is_stmt 1 view .LVU32
 144              	.LBB2:
  71:Core/Src/usart.c **** 
 145              		.loc 1 71 5 view .LVU33
  71:Core/Src/usart.c **** 
 146              		.loc 1 71 5 view .LVU34
 147 001c 03F55843 		add	r3, r3, #55296
 148 0020 9A69     		ldr	r2, [r3, #24]
 149 0022 42F48042 		orr	r2, r2, #16384
 150 0026 9A61     		str	r2, [r3, #24]
  71:Core/Src/usart.c **** 
 151              		.loc 1 71 5 view .LVU35
 152 0028 9A69     		ldr	r2, [r3, #24]
 153 002a 02F48042 		and	r2, r2, #16384
 154 002e 0092     		str	r2, [sp]
  71:Core/Src/usart.c **** 
ARM GAS  /tmp/cce2x5fm.s 			page 6


 155              		.loc 1 71 5 view .LVU36
 156 0030 009A     		ldr	r2, [sp]
 157              	.LBE2:
  71:Core/Src/usart.c **** 
 158              		.loc 1 71 5 view .LVU37
  73:Core/Src/usart.c ****     /**USART1 GPIO Configuration
 159              		.loc 1 73 5 view .LVU38
 160              	.LBB3:
  73:Core/Src/usart.c ****     /**USART1 GPIO Configuration
 161              		.loc 1 73 5 view .LVU39
  73:Core/Src/usart.c ****     /**USART1 GPIO Configuration
 162              		.loc 1 73 5 view .LVU40
 163 0032 9A69     		ldr	r2, [r3, #24]
 164 0034 42F00402 		orr	r2, r2, #4
 165 0038 9A61     		str	r2, [r3, #24]
  73:Core/Src/usart.c ****     /**USART1 GPIO Configuration
 166              		.loc 1 73 5 view .LVU41
 167 003a 9B69     		ldr	r3, [r3, #24]
 168 003c 03F00403 		and	r3, r3, #4
 169 0040 0193     		str	r3, [sp, #4]
  73:Core/Src/usart.c ****     /**USART1 GPIO Configuration
 170              		.loc 1 73 5 view .LVU42
 171 0042 019B     		ldr	r3, [sp, #4]
 172              	.LBE3:
  73:Core/Src/usart.c ****     /**USART1 GPIO Configuration
 173              		.loc 1 73 5 view .LVU43
  78:Core/Src/usart.c ****     GPIO_InitStruct.Mode = GPIO_MODE_AF_PP;
 174              		.loc 1 78 5 view .LVU44
  78:Core/Src/usart.c ****     GPIO_InitStruct.Mode = GPIO_MODE_AF_PP;
 175              		.loc 1 78 25 is_stmt 0 view .LVU45
 176 0044 4FF40073 		mov	r3, #512
 177 0048 0293     		str	r3, [sp, #8]
  79:Core/Src/usart.c ****     GPIO_InitStruct.Speed = GPIO_SPEED_FREQ_HIGH;
 178              		.loc 1 79 5 is_stmt 1 view .LVU46
  79:Core/Src/usart.c ****     GPIO_InitStruct.Speed = GPIO_SPEED_FREQ_HIGH;
 179              		.loc 1 79 26 is_stmt 0 view .LVU47
 180 004a 0223     		movs	r3, #2
 181 004c 0393     		str	r3, [sp, #12]
  80:Core/Src/usart.c ****     HAL_GPIO_Init(GPIOA, &GPIO_InitStruct);
 182              		.loc 1 80 5 is_stmt 1 view .LVU48
  80:Core/Src/usart.c ****     HAL_GPIO_Init(GPIOA, &GPIO_InitStruct);
 183              		.loc 1 80 27 is_stmt 0 view .LVU49
 184 004e 0323     		movs	r3, #3
 185 0050 0593     		str	r3, [sp, #20]
  81:Core/Src/usart.c **** 
 186              		.loc 1 81 5 is_stmt 1 view .LVU50
 187 0052 244E     		ldr	r6, .L15+4
 188 0054 02A9     		add	r1, sp, #8
 189 0056 3046     		mov	r0, r6
 190              	.LVL5:
  81:Core/Src/usart.c **** 
 191              		.loc 1 81 5 is_stmt 0 view .LVU51
 192 0058 FFF7FEFF 		bl	HAL_GPIO_Init
 193              	.LVL6:
  83:Core/Src/usart.c ****     GPIO_InitStruct.Mode = GPIO_MODE_INPUT;
 194              		.loc 1 83 5 is_stmt 1 view .LVU52
  83:Core/Src/usart.c ****     GPIO_InitStruct.Mode = GPIO_MODE_INPUT;
ARM GAS  /tmp/cce2x5fm.s 			page 7


 195              		.loc 1 83 25 is_stmt 0 view .LVU53
 196 005c 4FF48063 		mov	r3, #1024
 197 0060 0293     		str	r3, [sp, #8]
  84:Core/Src/usart.c ****     GPIO_InitStruct.Pull = GPIO_NOPULL;
 198              		.loc 1 84 5 is_stmt 1 view .LVU54
  84:Core/Src/usart.c ****     GPIO_InitStruct.Pull = GPIO_NOPULL;
 199              		.loc 1 84 26 is_stmt 0 view .LVU55
 200 0062 0025     		movs	r5, #0
 201 0064 0395     		str	r5, [sp, #12]
  85:Core/Src/usart.c ****     HAL_GPIO_Init(GPIOA, &GPIO_InitStruct);
 202              		.loc 1 85 5 is_stmt 1 view .LVU56
  85:Core/Src/usart.c ****     HAL_GPIO_Init(GPIOA, &GPIO_InitStruct);
 203              		.loc 1 85 26 is_stmt 0 view .LVU57
 204 0066 0495     		str	r5, [sp, #16]
  86:Core/Src/usart.c **** 
 205              		.loc 1 86 5 is_stmt 1 view .LVU58
 206 0068 02A9     		add	r1, sp, #8
 207 006a 3046     		mov	r0, r6
 208 006c FFF7FEFF 		bl	HAL_GPIO_Init
 209              	.LVL7:
  90:Core/Src/usart.c ****     hdma_usart1_rx.Init.Direction = DMA_PERIPH_TO_MEMORY;
 210              		.loc 1 90 5 view .LVU59
  90:Core/Src/usart.c ****     hdma_usart1_rx.Init.Direction = DMA_PERIPH_TO_MEMORY;
 211              		.loc 1 90 29 is_stmt 0 view .LVU60
 212 0070 1D48     		ldr	r0, .L15+8
 213 0072 1E4B     		ldr	r3, .L15+12
 214 0074 0360     		str	r3, [r0]
  91:Core/Src/usart.c ****     hdma_usart1_rx.Init.PeriphInc = DMA_PINC_DISABLE;
 215              		.loc 1 91 5 is_stmt 1 view .LVU61
  91:Core/Src/usart.c ****     hdma_usart1_rx.Init.PeriphInc = DMA_PINC_DISABLE;
 216              		.loc 1 91 35 is_stmt 0 view .LVU62
 217 0076 4560     		str	r5, [r0, #4]
  92:Core/Src/usart.c ****     hdma_usart1_rx.Init.MemInc = DMA_MINC_ENABLE;
 218              		.loc 1 92 5 is_stmt 1 view .LVU63
  92:Core/Src/usart.c ****     hdma_usart1_rx.Init.MemInc = DMA_MINC_ENABLE;
 219              		.loc 1 92 35 is_stmt 0 view .LVU64
 220 0078 8560     		str	r5, [r0, #8]
  93:Core/Src/usart.c ****     hdma_usart1_rx.Init.PeriphDataAlignment = DMA_PDATAALIGN_BYTE;
 221              		.loc 1 93 5 is_stmt 1 view .LVU65
  93:Core/Src/usart.c ****     hdma_usart1_rx.Init.PeriphDataAlignment = DMA_PDATAALIGN_BYTE;
 222              		.loc 1 93 32 is_stmt 0 view .LVU66
 223 007a 8023     		movs	r3, #128
 224 007c C360     		str	r3, [r0, #12]
  94:Core/Src/usart.c ****     hdma_usart1_rx.Init.MemDataAlignment = DMA_MDATAALIGN_BYTE;
 225              		.loc 1 94 5 is_stmt 1 view .LVU67
  94:Core/Src/usart.c ****     hdma_usart1_rx.Init.MemDataAlignment = DMA_MDATAALIGN_BYTE;
 226              		.loc 1 94 45 is_stmt 0 view .LVU68
 227 007e 0561     		str	r5, [r0, #16]
  95:Core/Src/usart.c ****     hdma_usart1_rx.Init.Mode = DMA_NORMAL;
 228              		.loc 1 95 5 is_stmt 1 view .LVU69
  95:Core/Src/usart.c ****     hdma_usart1_rx.Init.Mode = DMA_NORMAL;
 229              		.loc 1 95 42 is_stmt 0 view .LVU70
 230 0080 4561     		str	r5, [r0, #20]
  96:Core/Src/usart.c ****     hdma_usart1_rx.Init.Priority = DMA_PRIORITY_MEDIUM;
 231              		.loc 1 96 5 is_stmt 1 view .LVU71
  96:Core/Src/usart.c ****     hdma_usart1_rx.Init.Priority = DMA_PRIORITY_MEDIUM;
 232              		.loc 1 96 30 is_stmt 0 view .LVU72
ARM GAS  /tmp/cce2x5fm.s 			page 8


 233 0082 8561     		str	r5, [r0, #24]
  97:Core/Src/usart.c ****     if (HAL_DMA_Init(&hdma_usart1_rx) != HAL_OK)
 234              		.loc 1 97 5 is_stmt 1 view .LVU73
  97:Core/Src/usart.c ****     if (HAL_DMA_Init(&hdma_usart1_rx) != HAL_OK)
 235              		.loc 1 97 34 is_stmt 0 view .LVU74
 236 0084 4FF48053 		mov	r3, #4096
 237 0088 C361     		str	r3, [r0, #28]
  98:Core/Src/usart.c ****     {
 238              		.loc 1 98 5 is_stmt 1 view .LVU75
  98:Core/Src/usart.c ****     {
 239              		.loc 1 98 9 is_stmt 0 view .LVU76
 240 008a FFF7FEFF 		bl	HAL_DMA_Init
 241              	.LVL8:
  98:Core/Src/usart.c ****     {
 242              		.loc 1 98 8 view .LVU77
 243 008e 00BB     		cbnz	r0, .L13
 244              	.L9:
 103:Core/Src/usart.c **** 
 245              		.loc 1 103 5 is_stmt 1 view .LVU78
 103:Core/Src/usart.c **** 
 246              		.loc 1 103 5 view .LVU79
 247 0090 154B     		ldr	r3, .L15+8
 248 0092 A363     		str	r3, [r4, #56]
 103:Core/Src/usart.c **** 
 249              		.loc 1 103 5 view .LVU80
 250 0094 5C62     		str	r4, [r3, #36]
 103:Core/Src/usart.c **** 
 251              		.loc 1 103 5 view .LVU81
 106:Core/Src/usart.c ****     hdma_usart1_tx.Init.Direction = DMA_MEMORY_TO_PERIPH;
 252              		.loc 1 106 5 view .LVU82
 106:Core/Src/usart.c ****     hdma_usart1_tx.Init.Direction = DMA_MEMORY_TO_PERIPH;
 253              		.loc 1 106 29 is_stmt 0 view .LVU83
 254 0096 1648     		ldr	r0, .L15+16
 255 0098 164B     		ldr	r3, .L15+20
 256 009a 0360     		str	r3, [r0]
 107:Core/Src/usart.c ****     hdma_usart1_tx.Init.PeriphInc = DMA_PINC_DISABLE;
 257              		.loc 1 107 5 is_stmt 1 view .LVU84
 107:Core/Src/usart.c ****     hdma_usart1_tx.Init.PeriphInc = DMA_PINC_DISABLE;
 258              		.loc 1 107 35 is_stmt 0 view .LVU85
 259 009c 1023     		movs	r3, #16
 260 009e 4360     		str	r3, [r0, #4]
 108:Core/Src/usart.c ****     hdma_usart1_tx.Init.MemInc = DMA_MINC_ENABLE;
 261              		.loc 1 108 5 is_stmt 1 view .LVU86
 108:Core/Src/usart.c ****     hdma_usart1_tx.Init.MemInc = DMA_MINC_ENABLE;
 262              		.loc 1 108 35 is_stmt 0 view .LVU87
 263 00a0 0023     		movs	r3, #0
 264 00a2 8360     		str	r3, [r0, #8]
 109:Core/Src/usart.c ****     hdma_usart1_tx.Init.PeriphDataAlignment = DMA_PDATAALIGN_BYTE;
 265              		.loc 1 109 5 is_stmt 1 view .LVU88
 109:Core/Src/usart.c ****     hdma_usart1_tx.Init.PeriphDataAlignment = DMA_PDATAALIGN_BYTE;
 266              		.loc 1 109 32 is_stmt 0 view .LVU89
 267 00a4 8022     		movs	r2, #128
 268 00a6 C260     		str	r2, [r0, #12]
 110:Core/Src/usart.c ****     hdma_usart1_tx.Init.MemDataAlignment = DMA_MDATAALIGN_BYTE;
 269              		.loc 1 110 5 is_stmt 1 view .LVU90
 110:Core/Src/usart.c ****     hdma_usart1_tx.Init.MemDataAlignment = DMA_MDATAALIGN_BYTE;
 270              		.loc 1 110 45 is_stmt 0 view .LVU91
ARM GAS  /tmp/cce2x5fm.s 			page 9


 271 00a8 0361     		str	r3, [r0, #16]
 111:Core/Src/usart.c ****     hdma_usart1_tx.Init.Mode = DMA_NORMAL;
 272              		.loc 1 111 5 is_stmt 1 view .LVU92
 111:Core/Src/usart.c ****     hdma_usart1_tx.Init.Mode = DMA_NORMAL;
 273              		.loc 1 111 42 is_stmt 0 view .LVU93
 274 00aa 4361     		str	r3, [r0, #20]
 112:Core/Src/usart.c ****     hdma_usart1_tx.Init.Priority = DMA_PRIORITY_MEDIUM;
 275              		.loc 1 112 5 is_stmt 1 view .LVU94
 112:Core/Src/usart.c ****     hdma_usart1_tx.Init.Priority = DMA_PRIORITY_MEDIUM;
 276              		.loc 1 112 30 is_stmt 0 view .LVU95
 277 00ac 8361     		str	r3, [r0, #24]
 113:Core/Src/usart.c ****     if (HAL_DMA_Init(&hdma_usart1_tx) != HAL_OK)
 278              		.loc 1 113 5 is_stmt 1 view .LVU96
 113:Core/Src/usart.c ****     if (HAL_DMA_Init(&hdma_usart1_tx) != HAL_OK)
 279              		.loc 1 113 34 is_stmt 0 view .LVU97
 280 00ae 4FF48053 		mov	r3, #4096
 281 00b2 C361     		str	r3, [r0, #28]
 114:Core/Src/usart.c ****     {
 282              		.loc 1 114 5 is_stmt 1 view .LVU98
 114:Core/Src/usart.c ****     {
 283              		.loc 1 114 9 is_stmt 0 view .LVU99
 284 00b4 FFF7FEFF 		bl	HAL_DMA_Init
 285              	.LVL9:
 114:Core/Src/usart.c ****     {
 286              		.loc 1 114 8 view .LVU100
 287 00b8 70B9     		cbnz	r0, .L14
 288              	.L10:
 119:Core/Src/usart.c **** 
 289              		.loc 1 119 5 is_stmt 1 view .LVU101
 119:Core/Src/usart.c **** 
 290              		.loc 1 119 5 view .LVU102
 291 00ba 0D4B     		ldr	r3, .L15+16
 292 00bc 6363     		str	r3, [r4, #52]
 119:Core/Src/usart.c **** 
 293              		.loc 1 119 5 view .LVU103
 294 00be 5C62     		str	r4, [r3, #36]
 119:Core/Src/usart.c **** 
 295              		.loc 1 119 5 view .LVU104
 122:Core/Src/usart.c ****     HAL_NVIC_EnableIRQ(USART1_IRQn);
 296              		.loc 1 122 5 view .LVU105
 297 00c0 0022     		movs	r2, #0
 298 00c2 0521     		movs	r1, #5
 299 00c4 2520     		movs	r0, #37
 300 00c6 FFF7FEFF 		bl	HAL_NVIC_SetPriority
 301              	.LVL10:
 123:Core/Src/usart.c ****   /* USER CODE BEGIN USART1_MspInit 1 */
 302              		.loc 1 123 5 view .LVU106
 303 00ca 2520     		movs	r0, #37
 304 00cc FFF7FEFF 		bl	HAL_NVIC_EnableIRQ
 305              	.LVL11:
 306              		.loc 1 128 1 is_stmt 0 view .LVU107
 307 00d0 A1E7     		b	.L7
 308              	.L13:
 100:Core/Src/usart.c ****     }
 309              		.loc 1 100 7 is_stmt 1 view .LVU108
 310 00d2 FFF7FEFF 		bl	Error_Handler
 311              	.LVL12:
ARM GAS  /tmp/cce2x5fm.s 			page 10


 312 00d6 DBE7     		b	.L9
 313              	.L14:
 116:Core/Src/usart.c ****     }
 314              		.loc 1 116 7 view .LVU109
 315 00d8 FFF7FEFF 		bl	Error_Handler
 316              	.LVL13:
 317 00dc EDE7     		b	.L10
 318              	.L16:
 319 00de 00BF     		.align	2
 320              	.L15:
 321 00e0 00380140 		.word	1073821696
 322 00e4 00080140 		.word	1073809408
 323 00e8 00000000 		.word	.LANCHOR1
 324 00ec 58000240 		.word	1073872984
 325 00f0 00000000 		.word	.LANCHOR2
 326 00f4 44000240 		.word	1073872964
 327              		.cfi_endproc
 328              	.LFE66:
 330              		.section	.text.HAL_UART_MspDeInit,"ax",%progbits
 331              		.align	1
 332              		.global	HAL_UART_MspDeInit
 333              		.syntax unified
 334              		.thumb
 335              		.thumb_func
 336              		.fpu softvfp
 338              	HAL_UART_MspDeInit:
 339              	.LVL14:
 340              	.LFB67:
 129:Core/Src/usart.c **** 
 130:Core/Src/usart.c **** void HAL_UART_MspDeInit(UART_HandleTypeDef* uartHandle)
 131:Core/Src/usart.c **** {
 341              		.loc 1 131 1 view -0
 342              		.cfi_startproc
 343              		@ args = 0, pretend = 0, frame = 0
 344              		@ frame_needed = 0, uses_anonymous_args = 0
 132:Core/Src/usart.c **** 
 133:Core/Src/usart.c ****   if(uartHandle->Instance==USART1)
 345              		.loc 1 133 3 view .LVU111
 346              		.loc 1 133 16 is_stmt 0 view .LVU112
 347 0000 0268     		ldr	r2, [r0]
 348              		.loc 1 133 5 view .LVU113
 349 0002 0D4B     		ldr	r3, .L24
 350 0004 9A42     		cmp	r2, r3
 351 0006 00D0     		beq	.L23
 352 0008 7047     		bx	lr
 353              	.L23:
 131:Core/Src/usart.c **** 
 354              		.loc 1 131 1 view .LVU114
 355 000a 10B5     		push	{r4, lr}
 356              	.LCFI5:
 357              		.cfi_def_cfa_offset 8
 358              		.cfi_offset 4, -8
 359              		.cfi_offset 14, -4
 360 000c 0446     		mov	r4, r0
 134:Core/Src/usart.c ****   {
 135:Core/Src/usart.c ****   /* USER CODE BEGIN USART1_MspDeInit 0 */
 136:Core/Src/usart.c **** 
ARM GAS  /tmp/cce2x5fm.s 			page 11


 137:Core/Src/usart.c ****   /* USER CODE END USART1_MspDeInit 0 */
 138:Core/Src/usart.c ****     /* Peripheral clock disable */
 139:Core/Src/usart.c ****     __HAL_RCC_USART1_CLK_DISABLE();
 361              		.loc 1 139 5 is_stmt 1 view .LVU115
 362 000e 0B4A     		ldr	r2, .L24+4
 363 0010 9369     		ldr	r3, [r2, #24]
 364 0012 23F48043 		bic	r3, r3, #16384
 365 0016 9361     		str	r3, [r2, #24]
 140:Core/Src/usart.c **** 
 141:Core/Src/usart.c ****     /**USART1 GPIO Configuration
 142:Core/Src/usart.c ****     PA9     ------> USART1_TX
 143:Core/Src/usart.c ****     PA10     ------> USART1_RX
 144:Core/Src/usart.c ****     */
 145:Core/Src/usart.c ****     HAL_GPIO_DeInit(GPIOA, GPIO_PIN_9|GPIO_PIN_10);
 366              		.loc 1 145 5 view .LVU116
 367 0018 4FF4C061 		mov	r1, #1536
 368 001c 0848     		ldr	r0, .L24+8
 369              	.LVL15:
 370              		.loc 1 145 5 is_stmt 0 view .LVU117
 371 001e FFF7FEFF 		bl	HAL_GPIO_DeInit
 372              	.LVL16:
 146:Core/Src/usart.c **** 
 147:Core/Src/usart.c ****     /* USART1 DMA DeInit */
 148:Core/Src/usart.c ****     HAL_DMA_DeInit(uartHandle->hdmarx);
 373              		.loc 1 148 5 is_stmt 1 view .LVU118
 374 0022 A06B     		ldr	r0, [r4, #56]
 375 0024 FFF7FEFF 		bl	HAL_DMA_DeInit
 376              	.LVL17:
 149:Core/Src/usart.c ****     HAL_DMA_DeInit(uartHandle->hdmatx);
 377              		.loc 1 149 5 view .LVU119
 378 0028 606B     		ldr	r0, [r4, #52]
 379 002a FFF7FEFF 		bl	HAL_DMA_DeInit
 380              	.LVL18:
 150:Core/Src/usart.c **** 
 151:Core/Src/usart.c ****     /* USART1 interrupt Deinit */
 152:Core/Src/usart.c ****     HAL_NVIC_DisableIRQ(USART1_IRQn);
 381              		.loc 1 152 5 view .LVU120
 382 002e 2520     		movs	r0, #37
 383 0030 FFF7FEFF 		bl	HAL_NVIC_DisableIRQ
 384              	.LVL19:
 153:Core/Src/usart.c ****   /* USER CODE BEGIN USART1_MspDeInit 1 */
 154:Core/Src/usart.c **** 
 155:Core/Src/usart.c ****   /* USER CODE END USART1_MspDeInit 1 */
 156:Core/Src/usart.c ****   }
 157:Core/Src/usart.c **** }
 385              		.loc 1 157 1 is_stmt 0 view .LVU121
 386 0034 10BD     		pop	{r4, pc}
 387              	.LVL20:
 388              	.L25:
 389              		.loc 1 157 1 view .LVU122
 390 0036 00BF     		.align	2
 391              	.L24:
 392 0038 00380140 		.word	1073821696
 393 003c 00100240 		.word	1073876992
 394 0040 00080140 		.word	1073809408
 395              		.cfi_endproc
 396              	.LFE67:
ARM GAS  /tmp/cce2x5fm.s 			page 12


 398              		.global	hdma_usart1_tx
 399              		.global	hdma_usart1_rx
 400              		.global	huart1
 401              		.section	.bss.hdma_usart1_rx,"aw",%nobits
 402              		.align	2
 403              		.set	.LANCHOR1,. + 0
 406              	hdma_usart1_rx:
 407 0000 00000000 		.space	68
 407      00000000 
 407      00000000 
 407      00000000 
 407      00000000 
 408              		.section	.bss.hdma_usart1_tx,"aw",%nobits
 409              		.align	2
 410              		.set	.LANCHOR2,. + 0
 413              	hdma_usart1_tx:
 414 0000 00000000 		.space	68
 414      00000000 
 414      00000000 
 414      00000000 
 414      00000000 
 415              		.section	.bss.huart1,"aw",%nobits
 416              		.align	2
 417              		.set	.LANCHOR0,. + 0
 420              	huart1:
 421 0000 00000000 		.space	68
 421      00000000 
 421      00000000 
 421      00000000 
 421      00000000 
 422              		.text
 423              	.Letext0:
 424              		.file 2 "/home/softarm/.config/Code/User/globalStorage/bmd.stm32-for-vscode/@xpack-dev-tools/arm-n
 425              		.file 3 "/home/softarm/.config/Code/User/globalStorage/bmd.stm32-for-vscode/@xpack-dev-tools/arm-n
 426              		.file 4 "Drivers/CMSIS/Device/ST/STM32F1xx/Include/stm32f103xb.h"
 427              		.file 5 "Drivers/STM32F1xx_HAL_Driver/Inc/stm32f1xx_hal_def.h"
 428              		.file 6 "Drivers/STM32F1xx_HAL_Driver/Inc/stm32f1xx_hal_gpio.h"
 429              		.file 7 "Drivers/STM32F1xx_HAL_Driver/Inc/stm32f1xx_hal_dma.h"
 430              		.file 8 "Drivers/STM32F1xx_HAL_Driver/Inc/stm32f1xx_hal_uart.h"
 431              		.file 9 "Core/Inc/usart.h"
 432              		.file 10 "Drivers/STM32F1xx_HAL_Driver/Inc/stm32f1xx_hal_cortex.h"
 433              		.file 11 "Core/Inc/main.h"
ARM GAS  /tmp/cce2x5fm.s 			page 13


DEFINED SYMBOLS
                            *ABS*:0000000000000000 usart.c
     /tmp/cce2x5fm.s:16     .text.MX_USART1_UART_Init:0000000000000000 $t
     /tmp/cce2x5fm.s:24     .text.MX_USART1_UART_Init:0000000000000000 MX_USART1_UART_Init
     /tmp/cce2x5fm.s:83     .text.MX_USART1_UART_Init:000000000000002c $d
     /tmp/cce2x5fm.s:89     .text.HAL_UART_MspInit:0000000000000000 $t
     /tmp/cce2x5fm.s:96     .text.HAL_UART_MspInit:0000000000000000 HAL_UART_MspInit
     /tmp/cce2x5fm.s:321    .text.HAL_UART_MspInit:00000000000000e0 $d
     /tmp/cce2x5fm.s:331    .text.HAL_UART_MspDeInit:0000000000000000 $t
     /tmp/cce2x5fm.s:338    .text.HAL_UART_MspDeInit:0000000000000000 HAL_UART_MspDeInit
     /tmp/cce2x5fm.s:392    .text.HAL_UART_MspDeInit:0000000000000038 $d
     /tmp/cce2x5fm.s:413    .bss.hdma_usart1_tx:0000000000000000 hdma_usart1_tx
     /tmp/cce2x5fm.s:406    .bss.hdma_usart1_rx:0000000000000000 hdma_usart1_rx
     /tmp/cce2x5fm.s:420    .bss.huart1:0000000000000000 huart1
     /tmp/cce2x5fm.s:402    .bss.hdma_usart1_rx:0000000000000000 $d
     /tmp/cce2x5fm.s:409    .bss.hdma_usart1_tx:0000000000000000 $d
     /tmp/cce2x5fm.s:416    .bss.huart1:0000000000000000 $d

UNDEFINED SYMBOLS
HAL_UART_Init
Error_Handler
HAL_GPIO_Init
HAL_DMA_Init
HAL_NVIC_SetPriority
HAL_NVIC_EnableIRQ
HAL_GPIO_DeInit
HAL_DMA_DeInit
HAL_NVIC_DisableIRQ
